C:\USERS\BRIAN\DOCUMENTS\VISUAL STUDIO 2012\PROJECTS\PROJECT4\PROJECT4\DEBUG\.NETFRAMEWORK,VERSION=V4.5.ASSEMBLYATTRIBUTES.OBJ
C:\USERS\BRIAN\DOCUMENTS\VISUAL STUDIO 2012\PROJECTS\PROJECT4\PROJECT4\DEBUG\VC110.PDB
C:\USERS\BRIAN\DOCUMENTS\VISUAL STUDIO 2012\PROJECTS\PROJECT4\PROJECT4\DEBUG\MYFORM.OBJ
C:\USERS\BRIAN\APPDATA\LOCAL\TEMP\LNK{FC00EEE6-9FBE-4251-8195-BA716DB665A7}.TMP
C:\USERS\BRIAN\DOCUMENTS\VISUAL STUDIO 2012\PROJECTS\PROJECT4\DEBUG\PROJECT4.ILK
C:\USERS\BRIAN\DOCUMENTS\VISUAL STUDIO 2012\PROJECTS\PROJECT4\PROJECT4\DEBUG\METAGEN.WRITE.1.TLOG
c:\Users\brian\documents\visual studio 2012\Projects\Project4\Project4\Debug\Project4.MyForm.resources
C:\Users\brian\Documents\Visual Studio 2012\Projects\Project4\Project4\Debug\Project4.MyForm.resources
C:\Users\brian\Documents\Visual Studio 2012\Projects\Project4\Debug\ZedGraph.dll
C:\Users\brian\Documents\Visual Studio 2012\Projects\Project4\Debug\ZedGraph.Web.dll
C:\Users\brian\Documents\Visual Studio 2012\Projects\Project4\Debug\ZedGraph.xml
C:\Users\brian\Documents\Visual Studio 2012\Projects\Project4\Debug\ZedGraph.Web.xml
C:\Users\brian\Documents\Visual Studio 2012\Projects\Project4\Debug\de\ZedGraph.resources.dll
C:\Users\brian\Documents\Visual Studio 2012\Projects\Project4\Debug\es\ZedGraph.resources.dll
C:\Users\brian\Documents\Visual Studio 2012\Projects\Project4\Debug\fr\ZedGraph.resources.dll
C:\Users\brian\Documents\Visual Studio 2012\Projects\Project4\Debug\hu\ZedGraph.resources.dll
C:\Users\brian\Documents\Visual Studio 2012\Projects\Project4\Debug\it\ZedGraph.resources.dll
C:\Users\brian\Documents\Visual Studio 2012\Projects\Project4\Debug\ja\ZedGraph.resources.dll
C:\Users\brian\Documents\Visual Studio 2012\Projects\Project4\Debug\pt\ZedGraph.resources.dll
C:\Users\brian\Documents\Visual Studio 2012\Projects\Project4\Debug\ru\ZedGraph.resources.dll
C:\Users\brian\Documents\Visual Studio 2012\Projects\Project4\Debug\sk\ZedGraph.resources.dll
C:\Users\brian\Documents\Visual Studio 2012\Projects\Project4\Debug\sv\ZedGraph.resources.dll
C:\Users\brian\Documents\Visual Studio 2012\Projects\Project4\Debug\tr\ZedGraph.resources.dll
C:\Users\brian\Documents\Visual Studio 2012\Projects\Project4\Debug\zh-cn\ZedGraph.resources.dll
C:\Users\brian\Documents\Visual Studio 2012\Projects\Project4\Debug\zh-tw\ZedGraph.resources.dll
C:\Users\brian\Documents\Visual Studio 2012\Projects\Project4\Project4\Debug\Project4.vcxproj.GenerateResource.Cache
C:\Users\brian\Documents\Visual Studio 2012\Projects\Project4\Project4\Debug\Project4.vcxprojResolveAssemblyReference.cache
C:\Users\brian\Documents\Visual Studio 2012\Projects\Project4\Project4\Debug\.NETFramework,Version=v4.5.AssemblyAttributes.obj
C:\Users\brian\Documents\Visual Studio 2012\Projects\Project4\Project4\Debug\MyForm.obj
C:\Users\brian\Documents\Visual Studio 2012\Projects\Project4\Project4\Debug\cl.command.1.tlog
C:\Users\brian\Documents\Visual Studio 2012\Projects\Project4\Project4\Debug\CL.read.1.tlog
C:\Users\brian\Documents\Visual Studio 2012\Projects\Project4\Project4\Debug\CL.write.1.tlog
C:\Users\brian\Documents\Visual Studio 2012\Projects\Project4\Project4\Debug\link.10192-cvtres.read.1.tlog
C:\Users\brian\Documents\Visual Studio 2012\Projects\Project4\Project4\Debug\link.10192-cvtres.write.1.tlog
C:\Users\brian\Documents\Visual Studio 2012\Projects\Project4\Project4\Debug\link.10192-rc.read.1.tlog
C:\Users\brian\Documents\Visual Studio 2012\Projects\Project4\Project4\Debug\link.10192-rc.write.1.tlog
C:\Users\brian\Documents\Visual Studio 2012\Projects\Project4\Project4\Debug\link.10192.read.1.tlog
C:\Users\brian\Documents\Visual Studio 2012\Projects\Project4\Project4\Debug\link.10192.write.1.tlog
C:\Users\brian\Documents\Visual Studio 2012\Projects\Project4\Project4\Debug\link.10284-cvtres.read.1.tlog
C:\Users\brian\Documents\Visual Studio 2012\Projects\Project4\Project4\Debug\link.10284-cvtres.write.1.tlog
C:\Users\brian\Documents\Visual Studio 2012\Projects\Project4\Project4\Debug\link.10284-rc.read.1.tlog
C:\Users\brian\Documents\Visual Studio 2012\Projects\Project4\Project4\Debug\link.10284-rc.write.1.tlog
C:\Users\brian\Documents\Visual Studio 2012\Projects\Project4\Project4\Debug\link.10284.read.1.tlog
C:\Users\brian\Documents\Visual Studio 2012\Projects\Project4\Project4\Debug\link.10284.write.1.tlog
C:\Users\brian\Documents\Visual Studio 2012\Projects\Project4\Project4\Debug\link.10340-cvtres.read.1.tlog
C:\Users\brian\Documents\Visual Studio 2012\Projects\Project4\Project4\Debug\link.10340-cvtres.write.1.tlog
C:\Users\brian\Documents\Visual Studio 2012\Projects\Project4\Project4\Debug\link.10340-rc.read.1.tlog
C:\Users\brian\Documents\Visual Studio 2012\Projects\Project4\Project4\Debug\link.10340-rc.write.1.tlog
C:\Users\brian\Documents\Visual Studio 2012\Projects\Project4\Project4\Debug\link.10340.read.1.tlog
C:\Users\brian\Documents\Visual Studio 2012\Projects\Project4\Project4\Debug\link.10340.write.1.tlog
C:\Users\brian\Documents\Visual Studio 2012\Projects\Project4\Project4\Debug\link.10360-cvtres.read.1.tlog
C:\Users\brian\Documents\Visual Studio 2012\Projects\Project4\Project4\Debug\link.10360-cvtres.write.1.tlog
C:\Users\brian\Documents\Visual Studio 2012\Projects\Project4\Project4\Debug\link.10360-rc.read.1.tlog
C:\Users\brian\Documents\Visual Studio 2012\Projects\Project4\Project4\Debug\link.10360-rc.write.1.tlog
C:\Users\brian\Documents\Visual Studio 2012\Projects\Project4\Project4\Debug\link.10360.read.1.tlog
C:\Users\brian\Documents\Visual Studio 2012\Projects\Project4\Project4\Debug\link.10360.write.1.tlog
C:\Users\brian\Documents\Visual Studio 2012\Projects\Project4\Project4\Debug\link.10388-cvtres.read.1.tlog
C:\Users\brian\Documents\Visual Studio 2012\Projects\Project4\Project4\Debug\link.10388-cvtres.write.1.tlog
C:\Users\brian\Documents\Visual Studio 2012\Projects\Project4\Project4\Debug\link.10388-rc.read.1.tlog
C:\Users\brian\Documents\Visual Studio 2012\Projects\Project4\Project4\Debug\link.10388-rc.write.1.tlog
C:\Users\brian\Documents\Visual Studio 2012\Projects\Project4\Project4\Debug\link.10388.read.1.tlog
C:\Users\brian\Documents\Visual Studio 2012\Projects\Project4\Project4\Debug\link.10388.write.1.tlog
C:\Users\brian\Documents\Visual Studio 2012\Projects\Project4\Project4\Debug\link.10464-cvtres.read.1.tlog
C:\Users\brian\Documents\Visual Studio 2012\Projects\Project4\Project4\Debug\link.10464-cvtres.write.1.tlog
C:\Users\brian\Documents\Visual Studio 2012\Projects\Project4\Project4\Debug\link.10464-rc.read.1.tlog
C:\Users\brian\Documents\Visual Studio 2012\Projects\Project4\Project4\Debug\link.10464-rc.write.1.tlog
C:\Users\brian\Documents\Visual Studio 2012\Projects\Project4\Project4\Debug\link.10464.read.1.tlog
C:\Users\brian\Documents\Visual Studio 2012\Projects\Project4\Project4\Debug\link.10464.write.1.tlog
C:\Users\brian\Documents\Visual Studio 2012\Projects\Project4\Project4\Debug\link.10468-cvtres.read.1.tlog
C:\Users\brian\Documents\Visual Studio 2012\Projects\Project4\Project4\Debug\link.10468-cvtres.write.1.tlog
C:\Users\brian\Documents\Visual Studio 2012\Projects\Project4\Project4\Debug\link.10468-rc.read.1.tlog
C:\Users\brian\Documents\Visual Studio 2012\Projects\Project4\Project4\Debug\link.10468-rc.write.1.tlog
C:\Users\brian\Documents\Visual Studio 2012\Projects\Project4\Project4\Debug\link.10468.read.1.tlog
C:\Users\brian\Documents\Visual Studio 2012\Projects\Project4\Project4\Debug\link.10468.write.1.tlog
C:\Users\brian\Documents\Visual Studio 2012\Projects\Project4\Project4\Debug\link.10556-cvtres.read.1.tlog
C:\Users\brian\Documents\Visual Studio 2012\Projects\Project4\Project4\Debug\link.10556-cvtres.write.1.tlog
C:\Users\brian\Documents\Visual Studio 2012\Projects\Project4\Project4\Debug\link.10556-rc.read.1.tlog
C:\Users\brian\Documents\Visual Studio 2012\Projects\Project4\Project4\Debug\link.10556-rc.write.1.tlog
C:\Users\brian\Documents\Visual Studio 2012\Projects\Project4\Project4\Debug\link.10556.read.1.tlog
C:\Users\brian\Documents\Visual Studio 2012\Projects\Project4\Project4\Debug\link.10556.write.1.tlog
C:\Users\brian\Documents\Visual Studio 2012\Projects\Project4\Project4\Debug\link.10584-cvtres.read.1.tlog
C:\Users\brian\Documents\Visual Studio 2012\Projects\Project4\Project4\Debug\link.10584-cvtres.write.1.tlog
C:\Users\brian\Documents\Visual Studio 2012\Projects\Project4\Project4\Debug\link.10584-rc.read.1.tlog
C:\Users\brian\Documents\Visual Studio 2012\Projects\Project4\Project4\Debug\link.10584-rc.write.1.tlog
C:\Users\brian\Documents\Visual Studio 2012\Projects\Project4\Project4\Debug\link.10584.read.1.tlog
C:\Users\brian\Documents\Visual Studio 2012\Projects\Project4\Project4\Debug\link.10584.write.1.tlog
C:\Users\brian\Documents\Visual Studio 2012\Projects\Project4\Project4\Debug\link.10688-cvtres.read.1.tlog
C:\Users\brian\Documents\Visual Studio 2012\Projects\Project4\Project4\Debug\link.10688-cvtres.write.1.tlog
C:\Users\brian\Documents\Visual Studio 2012\Projects\Project4\Project4\Debug\link.10688-rc.read.1.tlog
C:\Users\brian\Documents\Visual Studio 2012\Projects\Project4\Project4\Debug\link.10688-rc.write.1.tlog
C:\Users\brian\Documents\Visual Studio 2012\Projects\Project4\Project4\Debug\link.10688.read.1.tlog
C:\Users\brian\Documents\Visual Studio 2012\Projects\Project4\Project4\Debug\link.10688.write.1.tlog
C:\Users\brian\Documents\Visual Studio 2012\Projects\Project4\Project4\Debug\link.10768-cvtres.read.1.tlog
C:\Users\brian\Documents\Visual Studio 2012\Projects\Project4\Project4\Debug\link.10768-cvtres.write.1.tlog
C:\Users\brian\Documents\Visual Studio 2012\Projects\Project4\Project4\Debug\link.10768-rc.read.1.tlog
C:\Users\brian\Documents\Visual Studio 2012\Projects\Project4\Project4\Debug\link.10768-rc.write.1.tlog
C:\Users\brian\Documents\Visual Studio 2012\Projects\Project4\Project4\Debug\link.10768.read.1.tlog
C:\Users\brian\Documents\Visual Studio 2012\Projects\Project4\Project4\Debug\link.10768.write.1.tlog
C:\Users\brian\Documents\Visual Studio 2012\Projects\Project4\Project4\Debug\link.10916-cvtres.read.1.tlog
C:\Users\brian\Documents\Visual Studio 2012\Projects\Project4\Project4\Debug\link.10916-cvtres.write.1.tlog
C:\Users\brian\Documents\Visual Studio 2012\Projects\Project4\Project4\Debug\link.10916-rc.read.1.tlog
C:\Users\brian\Documents\Visual Studio 2012\Projects\Project4\Project4\Debug\link.10916-rc.write.1.tlog
C:\Users\brian\Documents\Visual Studio 2012\Projects\Project4\Project4\Debug\link.10916.read.1.tlog
C:\Users\brian\Documents\Visual Studio 2012\Projects\Project4\Project4\Debug\link.10916.write.1.tlog
C:\Users\brian\Documents\Visual Studio 2012\Projects\Project4\Project4\Debug\link.10932-cvtres.read.1.tlog
C:\Users\brian\Documents\Visual Studio 2012\Projects\Project4\Project4\Debug\link.10932-cvtres.write.1.tlog
C:\Users\brian\Documents\Visual Studio 2012\Projects\Project4\Project4\Debug\link.10932-rc.read.1.tlog
C:\Users\brian\Documents\Visual Studio 2012\Projects\Project4\Project4\Debug\link.10932-rc.write.1.tlog
C:\Users\brian\Documents\Visual Studio 2012\Projects\Project4\Project4\Debug\link.10932.read.1.tlog
C:\Users\brian\Documents\Visual Studio 2012\Projects\Project4\Project4\Debug\link.10932.write.1.tlog
C:\Users\brian\Documents\Visual Studio 2012\Projects\Project4\Project4\Debug\link.11020-cvtres.read.1.tlog
C:\Users\brian\Documents\Visual Studio 2012\Projects\Project4\Project4\Debug\link.11020-cvtres.write.1.tlog
C:\Users\brian\Documents\Visual Studio 2012\Projects\Project4\Project4\Debug\link.11020-rc.read.1.tlog
C:\Users\brian\Documents\Visual Studio 2012\Projects\Project4\Project4\Debug\link.11020-rc.write.1.tlog
C:\Users\brian\Documents\Visual Studio 2012\Projects\Project4\Project4\Debug\link.11020.read.1.tlog
C:\Users\brian\Documents\Visual Studio 2012\Projects\Project4\Project4\Debug\link.11020.write.1.tlog
C:\Users\brian\Documents\Visual Studio 2012\Projects\Project4\Project4\Debug\link.11128-cvtres.read.1.tlog
C:\Users\brian\Documents\Visual Studio 2012\Projects\Project4\Project4\Debug\link.11128-cvtres.write.1.tlog
C:\Users\brian\Documents\Visual Studio 2012\Projects\Project4\Project4\Debug\link.11128-rc.read.1.tlog
C:\Users\brian\Documents\Visual Studio 2012\Projects\Project4\Project4\Debug\link.11128-rc.write.1.tlog
C:\Users\brian\Documents\Visual Studio 2012\Projects\Project4\Project4\Debug\link.11128.read.1.tlog
C:\Users\brian\Documents\Visual Studio 2012\Projects\Project4\Project4\Debug\link.11128.write.1.tlog
C:\Users\brian\Documents\Visual Studio 2012\Projects\Project4\Project4\Debug\link.11144-cvtres.read.1.tlog
C:\Users\brian\Documents\Visual Studio 2012\Projects\Project4\Project4\Debug\link.11144-cvtres.write.1.tlog
C:\Users\brian\Documents\Visual Studio 2012\Projects\Project4\Project4\Debug\link.11144-rc.read.1.tlog
C:\Users\brian\Documents\Visual Studio 2012\Projects\Project4\Project4\Debug\link.11144-rc.write.1.tlog
C:\Users\brian\Documents\Visual Studio 2012\Projects\Project4\Project4\Debug\link.11144.read.1.tlog
C:\Users\brian\Documents\Visual Studio 2012\Projects\Project4\Project4\Debug\link.11144.write.1.tlog
C:\Users\brian\Documents\Visual Studio 2012\Projects\Project4\Project4\Debug\link.11208-cvtres.read.1.tlog
C:\Users\brian\Documents\Visual Studio 2012\Projects\Project4\Project4\Debug\link.11208-cvtres.write.1.tlog
C:\Users\brian\Documents\Visual Studio 2012\Projects\Project4\Project4\Debug\link.11208-rc.read.1.tlog
C:\Users\brian\Documents\Visual Studio 2012\Projects\Project4\Project4\Debug\link.11208-rc.write.1.tlog
C:\Users\brian\Documents\Visual Studio 2012\Projects\Project4\Project4\Debug\link.11208.read.1.tlog
C:\Users\brian\Documents\Visual Studio 2012\Projects\Project4\Project4\Debug\link.11208.write.1.tlog
C:\Users\brian\Documents\Visual Studio 2012\Projects\Project4\Project4\Debug\link.11220-cvtres.read.1.tlog
C:\Users\brian\Documents\Visual Studio 2012\Projects\Project4\Project4\Debug\link.11220-cvtres.write.1.tlog
C:\Users\brian\Documents\Visual Studio 2012\Projects\Project4\Project4\Debug\link.11220-rc.read.1.tlog
C:\Users\brian\Documents\Visual Studio 2012\Projects\Project4\Project4\Debug\link.11220-rc.write.1.tlog
C:\Users\brian\Documents\Visual Studio 2012\Projects\Project4\Project4\Debug\link.11220.read.1.tlog
C:\Users\brian\Documents\Visual Studio 2012\Projects\Project4\Project4\Debug\link.11220.write.1.tlog
C:\Users\brian\Documents\Visual Studio 2012\Projects\Project4\Project4\Debug\link.11236-cvtres.read.1.tlog
C:\Users\brian\Documents\Visual Studio 2012\Projects\Project4\Project4\Debug\link.11236-cvtres.write.1.tlog
C:\Users\brian\Documents\Visual Studio 2012\Projects\Project4\Project4\Debug\link.11236-rc.read.1.tlog
C:\Users\brian\Documents\Visual Studio 2012\Projects\Project4\Project4\Debug\link.11236-rc.write.1.tlog
C:\Users\brian\Documents\Visual Studio 2012\Projects\Project4\Project4\Debug\link.11236.read.1.tlog
C:\Users\brian\Documents\Visual Studio 2012\Projects\Project4\Project4\Debug\link.11236.write.1.tlog
C:\Users\brian\Documents\Visual Studio 2012\Projects\Project4\Project4\Debug\link.11356-cvtres.read.1.tlog
C:\Users\brian\Documents\Visual Studio 2012\Projects\Project4\Project4\Debug\link.11356-cvtres.write.1.tlog
C:\Users\brian\Documents\Visual Studio 2012\Projects\Project4\Project4\Debug\link.11356-rc.read.1.tlog
C:\Users\brian\Documents\Visual Studio 2012\Projects\Project4\Project4\Debug\link.11356-rc.write.1.tlog
C:\Users\brian\Documents\Visual Studio 2012\Projects\Project4\Project4\Debug\link.11356.read.1.tlog
C:\Users\brian\Documents\Visual Studio 2012\Projects\Project4\Project4\Debug\link.11356.write.1.tlog
C:\Users\brian\Documents\Visual Studio 2012\Projects\Project4\Project4\Debug\link.11380-cvtres.read.1.tlog
C:\Users\brian\Documents\Visual Studio 2012\Projects\Project4\Project4\Debug\link.11380-cvtres.write.1.tlog
C:\Users\brian\Documents\Visual Studio 2012\Projects\Project4\Project4\Debug\link.11380-rc.read.1.tlog
C:\Users\brian\Documents\Visual Studio 2012\Projects\Project4\Project4\Debug\link.11380-rc.write.1.tlog
C:\Users\brian\Documents\Visual Studio 2012\Projects\Project4\Project4\Debug\link.11380.read.1.tlog
C:\Users\brian\Documents\Visual Studio 2012\Projects\Project4\Project4\Debug\link.11380.write.1.tlog
C:\Users\brian\Documents\Visual Studio 2012\Projects\Project4\Project4\Debug\link.11520-cvtres.read.1.tlog
C:\Users\brian\Documents\Visual Studio 2012\Projects\Project4\Project4\Debug\link.11520-cvtres.write.1.tlog
C:\Users\brian\Documents\Visual Studio 2012\Projects\Project4\Project4\Debug\link.11520-rc.read.1.tlog
C:\Users\brian\Documents\Visual Studio 2012\Projects\Project4\Project4\Debug\link.11520-rc.write.1.tlog
C:\Users\brian\Documents\Visual Studio 2012\Projects\Project4\Project4\Debug\link.11520.read.1.tlog
C:\Users\brian\Documents\Visual Studio 2012\Projects\Project4\Project4\Debug\link.11520.write.1.tlog
C:\Users\brian\Documents\Visual Studio 2012\Projects\Project4\Project4\Debug\link.11604-cvtres.read.1.tlog
C:\Users\brian\Documents\Visual Studio 2012\Projects\Project4\Project4\Debug\link.11604-cvtres.write.1.tlog
C:\Users\brian\Documents\Visual Studio 2012\Projects\Project4\Project4\Debug\link.11604-rc.read.1.tlog
C:\Users\brian\Documents\Visual Studio 2012\Projects\Project4\Project4\Debug\link.11604-rc.write.1.tlog
C:\Users\brian\Documents\Visual Studio 2012\Projects\Project4\Project4\Debug\link.11604.read.1.tlog
C:\Users\brian\Documents\Visual Studio 2012\Projects\Project4\Project4\Debug\link.11604.write.1.tlog
C:\Users\brian\Documents\Visual Studio 2012\Projects\Project4\Project4\Debug\link.11620-cvtres.read.1.tlog
C:\Users\brian\Documents\Visual Studio 2012\Projects\Project4\Project4\Debug\link.11620-cvtres.write.1.tlog
C:\Users\brian\Documents\Visual Studio 2012\Projects\Project4\Project4\Debug\link.11620-rc.read.1.tlog
C:\Users\brian\Documents\Visual Studio 2012\Projects\Project4\Project4\Debug\link.11620-rc.write.1.tlog
C:\Users\brian\Documents\Visual Studio 2012\Projects\Project4\Project4\Debug\link.11620.read.1.tlog
C:\Users\brian\Documents\Visual Studio 2012\Projects\Project4\Project4\Debug\link.11620.write.1.tlog
C:\Users\brian\Documents\Visual Studio 2012\Projects\Project4\Project4\Debug\link.11728.read.1.tlog
C:\Users\brian\Documents\Visual Studio 2012\Projects\Project4\Project4\Debug\link.11728.write.1.tlog
C:\Users\brian\Documents\Visual Studio 2012\Projects\Project4\Project4\Debug\link.11844-cvtres.read.1.tlog
C:\Users\brian\Documents\Visual Studio 2012\Projects\Project4\Project4\Debug\link.11844-cvtres.write.1.tlog
C:\Users\brian\Documents\Visual Studio 2012\Projects\Project4\Project4\Debug\link.11844-rc.read.1.tlog
C:\Users\brian\Documents\Visual Studio 2012\Projects\Project4\Project4\Debug\link.11844-rc.write.1.tlog
C:\Users\brian\Documents\Visual Studio 2012\Projects\Project4\Project4\Debug\link.11844.read.1.tlog
C:\Users\brian\Documents\Visual Studio 2012\Projects\Project4\Project4\Debug\link.11844.write.1.tlog
C:\Users\brian\Documents\Visual Studio 2012\Projects\Project4\Project4\Debug\link.12056-cvtres.read.1.tlog
C:\Users\brian\Documents\Visual Studio 2012\Projects\Project4\Project4\Debug\link.12056-cvtres.write.1.tlog
C:\Users\brian\Documents\Visual Studio 2012\Projects\Project4\Project4\Debug\link.12056-rc.read.1.tlog
C:\Users\brian\Documents\Visual Studio 2012\Projects\Project4\Project4\Debug\link.12056-rc.write.1.tlog
C:\Users\brian\Documents\Visual Studio 2012\Projects\Project4\Project4\Debug\link.12056.read.1.tlog
C:\Users\brian\Documents\Visual Studio 2012\Projects\Project4\Project4\Debug\link.12056.write.1.tlog
C:\Users\brian\Documents\Visual Studio 2012\Projects\Project4\Project4\Debug\link.12108-cvtres.read.1.tlog
C:\Users\brian\Documents\Visual Studio 2012\Projects\Project4\Project4\Debug\link.12108-cvtres.write.1.tlog
C:\Users\brian\Documents\Visual Studio 2012\Projects\Project4\Project4\Debug\link.12108-rc.read.1.tlog
C:\Users\brian\Documents\Visual Studio 2012\Projects\Project4\Project4\Debug\link.12108-rc.write.1.tlog
C:\Users\brian\Documents\Visual Studio 2012\Projects\Project4\Project4\Debug\link.12108.read.1.tlog
C:\Users\brian\Documents\Visual Studio 2012\Projects\Project4\Project4\Debug\link.12108.write.1.tlog
C:\Users\brian\Documents\Visual Studio 2012\Projects\Project4\Project4\Debug\link.12140-cvtres.read.1.tlog
C:\Users\brian\Documents\Visual Studio 2012\Projects\Project4\Project4\Debug\link.12140-cvtres.write.1.tlog
C:\Users\brian\Documents\Visual Studio 2012\Projects\Project4\Project4\Debug\link.12140-rc.read.1.tlog
C:\Users\brian\Documents\Visual Studio 2012\Projects\Project4\Project4\Debug\link.12140-rc.write.1.tlog
C:\Users\brian\Documents\Visual Studio 2012\Projects\Project4\Project4\Debug\link.12140.read.1.tlog
C:\Users\brian\Documents\Visual Studio 2012\Projects\Project4\Project4\Debug\link.12140.write.1.tlog
C:\Users\brian\Documents\Visual Studio 2012\Projects\Project4\Project4\Debug\link.12160-cvtres.read.1.tlog
C:\Users\brian\Documents\Visual Studio 2012\Projects\Project4\Project4\Debug\link.12160-cvtres.write.1.tlog
C:\Users\brian\Documents\Visual Studio 2012\Projects\Project4\Project4\Debug\link.12160-rc.read.1.tlog
C:\Users\brian\Documents\Visual Studio 2012\Projects\Project4\Project4\Debug\link.12160-rc.write.1.tlog
C:\Users\brian\Documents\Visual Studio 2012\Projects\Project4\Project4\Debug\link.12160.read.1.tlog
C:\Users\brian\Documents\Visual Studio 2012\Projects\Project4\Project4\Debug\link.12160.write.1.tlog
C:\Users\brian\Documents\Visual Studio 2012\Projects\Project4\Project4\Debug\link.12220-cvtres.read.1.tlog
C:\Users\brian\Documents\Visual Studio 2012\Projects\Project4\Project4\Debug\link.12220-cvtres.write.1.tlog
C:\Users\brian\Documents\Visual Studio 2012\Projects\Project4\Project4\Debug\link.12220-rc.read.1.tlog
C:\Users\brian\Documents\Visual Studio 2012\Projects\Project4\Project4\Debug\link.12220-rc.write.1.tlog
C:\Users\brian\Documents\Visual Studio 2012\Projects\Project4\Project4\Debug\link.12220.read.1.tlog
C:\Users\brian\Documents\Visual Studio 2012\Projects\Project4\Project4\Debug\link.12220.write.1.tlog
C:\Users\brian\Documents\Visual Studio 2012\Projects\Project4\Project4\Debug\link.12232-cvtres.read.1.tlog
C:\Users\brian\Documents\Visual Studio 2012\Projects\Project4\Project4\Debug\link.12232-cvtres.write.1.tlog
C:\Users\brian\Documents\Visual Studio 2012\Projects\Project4\Project4\Debug\link.12232-rc.read.1.tlog
C:\Users\brian\Documents\Visual Studio 2012\Projects\Project4\Project4\Debug\link.12232-rc.write.1.tlog
C:\Users\brian\Documents\Visual Studio 2012\Projects\Project4\Project4\Debug\link.12232.read.1.tlog
C:\Users\brian\Documents\Visual Studio 2012\Projects\Project4\Project4\Debug\link.12232.write.1.tlog
C:\Users\brian\Documents\Visual Studio 2012\Projects\Project4\Project4\Debug\link.12356-cvtres.read.1.tlog
C:\Users\brian\Documents\Visual Studio 2012\Projects\Project4\Project4\Debug\link.12356-cvtres.write.1.tlog
C:\Users\brian\Documents\Visual Studio 2012\Projects\Project4\Project4\Debug\link.12356-rc.read.1.tlog
C:\Users\brian\Documents\Visual Studio 2012\Projects\Project4\Project4\Debug\link.12356-rc.write.1.tlog
C:\Users\brian\Documents\Visual Studio 2012\Projects\Project4\Project4\Debug\link.12356.read.1.tlog
C:\Users\brian\Documents\Visual Studio 2012\Projects\Project4\Project4\Debug\link.12356.write.1.tlog
C:\Users\brian\Documents\Visual Studio 2012\Projects\Project4\Project4\Debug\link.12448-cvtres.read.1.tlog
C:\Users\brian\Documents\Visual Studio 2012\Projects\Project4\Project4\Debug\link.12448-cvtres.write.1.tlog
C:\Users\brian\Documents\Visual Studio 2012\Projects\Project4\Project4\Debug\link.12448-rc.read.1.tlog
C:\Users\brian\Documents\Visual Studio 2012\Projects\Project4\Project4\Debug\link.12448-rc.write.1.tlog
C:\Users\brian\Documents\Visual Studio 2012\Projects\Project4\Project4\Debug\link.12448.read.1.tlog
C:\Users\brian\Documents\Visual Studio 2012\Projects\Project4\Project4\Debug\link.12448.write.1.tlog
C:\Users\brian\Documents\Visual Studio 2012\Projects\Project4\Project4\Debug\link.12484-cvtres.read.1.tlog
C:\Users\brian\Documents\Visual Studio 2012\Projects\Project4\Project4\Debug\link.12484-cvtres.write.1.tlog
C:\Users\brian\Documents\Visual Studio 2012\Projects\Project4\Project4\Debug\link.12484-rc.read.1.tlog
C:\Users\brian\Documents\Visual Studio 2012\Projects\Project4\Project4\Debug\link.12484-rc.write.1.tlog
C:\Users\brian\Documents\Visual Studio 2012\Projects\Project4\Project4\Debug\link.12484.read.1.tlog
C:\Users\brian\Documents\Visual Studio 2012\Projects\Project4\Project4\Debug\link.12484.write.1.tlog
C:\Users\brian\Documents\Visual Studio 2012\Projects\Project4\Project4\Debug\link.12500-cvtres.read.1.tlog
C:\Users\brian\Documents\Visual Studio 2012\Projects\Project4\Project4\Debug\link.12500-cvtres.write.1.tlog
C:\Users\brian\Documents\Visual Studio 2012\Projects\Project4\Project4\Debug\link.12500-rc.read.1.tlog
C:\Users\brian\Documents\Visual Studio 2012\Projects\Project4\Project4\Debug\link.12500-rc.write.1.tlog
C:\Users\brian\Documents\Visual Studio 2012\Projects\Project4\Project4\Debug\link.12500.read.1.tlog
C:\Users\brian\Documents\Visual Studio 2012\Projects\Project4\Project4\Debug\link.12500.write.1.tlog
C:\Users\brian\Documents\Visual Studio 2012\Projects\Project4\Project4\Debug\link.12576-cvtres.read.1.tlog
C:\Users\brian\Documents\Visual Studio 2012\Projects\Project4\Project4\Debug\link.12576-cvtres.write.1.tlog
C:\Users\brian\Documents\Visual Studio 2012\Projects\Project4\Project4\Debug\link.12576-rc.read.1.tlog
C:\Users\brian\Documents\Visual Studio 2012\Projects\Project4\Project4\Debug\link.12576-rc.write.1.tlog
C:\Users\brian\Documents\Visual Studio 2012\Projects\Project4\Project4\Debug\link.12576.read.1.tlog
C:\Users\brian\Documents\Visual Studio 2012\Projects\Project4\Project4\Debug\link.12576.write.1.tlog
C:\Users\brian\Documents\Visual Studio 2012\Projects\Project4\Project4\Debug\link.12620.read.1.tlog
C:\Users\brian\Documents\Visual Studio 2012\Projects\Project4\Project4\Debug\link.12620.write.1.tlog
C:\Users\brian\Documents\Visual Studio 2012\Projects\Project4\Project4\Debug\link.12672-cvtres.read.1.tlog
C:\Users\brian\Documents\Visual Studio 2012\Projects\Project4\Project4\Debug\link.12672-cvtres.write.1.tlog
C:\Users\brian\Documents\Visual Studio 2012\Projects\Project4\Project4\Debug\link.12672-rc.read.1.tlog
C:\Users\brian\Documents\Visual Studio 2012\Projects\Project4\Project4\Debug\link.12672-rc.write.1.tlog
C:\Users\brian\Documents\Visual Studio 2012\Projects\Project4\Project4\Debug\link.12672.read.1.tlog
C:\Users\brian\Documents\Visual Studio 2012\Projects\Project4\Project4\Debug\link.12672.write.1.tlog
C:\Users\brian\Documents\Visual Studio 2012\Projects\Project4\Project4\Debug\link.12744-cvtres.read.1.tlog
C:\Users\brian\Documents\Visual Studio 2012\Projects\Project4\Project4\Debug\link.12744-cvtres.write.1.tlog
C:\Users\brian\Documents\Visual Studio 2012\Projects\Project4\Project4\Debug\link.12744-rc.read.1.tlog
C:\Users\brian\Documents\Visual Studio 2012\Projects\Project4\Project4\Debug\link.12744-rc.write.1.tlog
C:\Users\brian\Documents\Visual Studio 2012\Projects\Project4\Project4\Debug\link.12744.read.1.tlog
C:\Users\brian\Documents\Visual Studio 2012\Projects\Project4\Project4\Debug\link.12744.write.1.tlog
C:\Users\brian\Documents\Visual Studio 2012\Projects\Project4\Project4\Debug\link.12752-cvtres.read.1.tlog
C:\Users\brian\Documents\Visual Studio 2012\Projects\Project4\Project4\Debug\link.12752-cvtres.write.1.tlog
C:\Users\brian\Documents\Visual Studio 2012\Projects\Project4\Project4\Debug\link.12752-rc.read.1.tlog
C:\Users\brian\Documents\Visual Studio 2012\Projects\Project4\Project4\Debug\link.12752-rc.write.1.tlog
C:\Users\brian\Documents\Visual Studio 2012\Projects\Project4\Project4\Debug\link.12752.read.1.tlog
C:\Users\brian\Documents\Visual Studio 2012\Projects\Project4\Project4\Debug\link.12752.write.1.tlog
C:\Users\brian\Documents\Visual Studio 2012\Projects\Project4\Project4\Debug\link.12896-cvtres.read.1.tlog
C:\Users\brian\Documents\Visual Studio 2012\Projects\Project4\Project4\Debug\link.12896-cvtres.write.1.tlog
C:\Users\brian\Documents\Visual Studio 2012\Projects\Project4\Project4\Debug\link.12896-rc.read.1.tlog
C:\Users\brian\Documents\Visual Studio 2012\Projects\Project4\Project4\Debug\link.12896-rc.write.1.tlog
C:\Users\brian\Documents\Visual Studio 2012\Projects\Project4\Project4\Debug\link.12896.read.1.tlog
C:\Users\brian\Documents\Visual Studio 2012\Projects\Project4\Project4\Debug\link.12896.write.1.tlog
C:\Users\brian\Documents\Visual Studio 2012\Projects\Project4\Project4\Debug\link.13204-cvtres.read.1.tlog
C:\Users\brian\Documents\Visual Studio 2012\Projects\Project4\Project4\Debug\link.13204-cvtres.write.1.tlog
C:\Users\brian\Documents\Visual Studio 2012\Projects\Project4\Project4\Debug\link.13204-rc.read.1.tlog
C:\Users\brian\Documents\Visual Studio 2012\Projects\Project4\Project4\Debug\link.13204-rc.write.1.tlog
C:\Users\brian\Documents\Visual Studio 2012\Projects\Project4\Project4\Debug\link.13204.read.1.tlog
C:\Users\brian\Documents\Visual Studio 2012\Projects\Project4\Project4\Debug\link.13204.write.1.tlog
C:\Users\brian\Documents\Visual Studio 2012\Projects\Project4\Project4\Debug\link.13264-cvtres.read.1.tlog
C:\Users\brian\Documents\Visual Studio 2012\Projects\Project4\Project4\Debug\link.13264-cvtres.write.1.tlog
C:\Users\brian\Documents\Visual Studio 2012\Projects\Project4\Project4\Debug\link.13264-rc.read.1.tlog
C:\Users\brian\Documents\Visual Studio 2012\Projects\Project4\Project4\Debug\link.13264-rc.write.1.tlog
C:\Users\brian\Documents\Visual Studio 2012\Projects\Project4\Project4\Debug\link.13264.read.1.tlog
C:\Users\brian\Documents\Visual Studio 2012\Projects\Project4\Project4\Debug\link.13264.write.1.tlog
C:\Users\brian\Documents\Visual Studio 2012\Projects\Project4\Project4\Debug\link.13296-cvtres.read.1.tlog
C:\Users\brian\Documents\Visual Studio 2012\Projects\Project4\Project4\Debug\link.13296-cvtres.write.1.tlog
C:\Users\brian\Documents\Visual Studio 2012\Projects\Project4\Project4\Debug\link.13296-rc.read.1.tlog
C:\Users\brian\Documents\Visual Studio 2012\Projects\Project4\Project4\Debug\link.13296-rc.write.1.tlog
C:\Users\brian\Documents\Visual Studio 2012\Projects\Project4\Project4\Debug\link.13296.read.1.tlog
C:\Users\brian\Documents\Visual Studio 2012\Projects\Project4\Project4\Debug\link.13296.write.1.tlog
C:\Users\brian\Documents\Visual Studio 2012\Projects\Project4\Project4\Debug\link.13320-cvtres.read.1.tlog
C:\Users\brian\Documents\Visual Studio 2012\Projects\Project4\Project4\Debug\link.13320-cvtres.write.1.tlog
C:\Users\brian\Documents\Visual Studio 2012\Projects\Project4\Project4\Debug\link.13320-rc.read.1.tlog
C:\Users\brian\Documents\Visual Studio 2012\Projects\Project4\Project4\Debug\link.13320-rc.write.1.tlog
C:\Users\brian\Documents\Visual Studio 2012\Projects\Project4\Project4\Debug\link.13320.read.1.tlog
C:\Users\brian\Documents\Visual Studio 2012\Projects\Project4\Project4\Debug\link.13320.write.1.tlog
C:\Users\brian\Documents\Visual Studio 2012\Projects\Project4\Project4\Debug\link.13356-cvtres.read.1.tlog
C:\Users\brian\Documents\Visual Studio 2012\Projects\Project4\Project4\Debug\link.13356-cvtres.write.1.tlog
C:\Users\brian\Documents\Visual Studio 2012\Projects\Project4\Project4\Debug\link.13356-rc.read.1.tlog
C:\Users\brian\Documents\Visual Studio 2012\Projects\Project4\Project4\Debug\link.13356-rc.write.1.tlog
C:\Users\brian\Documents\Visual Studio 2012\Projects\Project4\Project4\Debug\link.13356.read.1.tlog
C:\Users\brian\Documents\Visual Studio 2012\Projects\Project4\Project4\Debug\link.13356.write.1.tlog
C:\Users\brian\Documents\Visual Studio 2012\Projects\Project4\Project4\Debug\link.13368-cvtres.read.1.tlog
C:\Users\brian\Documents\Visual Studio 2012\Projects\Project4\Project4\Debug\link.13368-cvtres.write.1.tlog
C:\Users\brian\Documents\Visual Studio 2012\Projects\Project4\Project4\Debug\link.13368-rc.read.1.tlog
C:\Users\brian\Documents\Visual Studio 2012\Projects\Project4\Project4\Debug\link.13368-rc.write.1.tlog
C:\Users\brian\Documents\Visual Studio 2012\Projects\Project4\Project4\Debug\link.13368.read.1.tlog
C:\Users\brian\Documents\Visual Studio 2012\Projects\Project4\Project4\Debug\link.13368.write.1.tlog
C:\Users\brian\Documents\Visual Studio 2012\Projects\Project4\Project4\Debug\link.13376-cvtres.read.1.tlog
C:\Users\brian\Documents\Visual Studio 2012\Projects\Project4\Project4\Debug\link.13376-cvtres.write.1.tlog
C:\Users\brian\Documents\Visual Studio 2012\Projects\Project4\Project4\Debug\link.13376-rc.read.1.tlog
C:\Users\brian\Documents\Visual Studio 2012\Projects\Project4\Project4\Debug\link.13376-rc.write.1.tlog
C:\Users\brian\Documents\Visual Studio 2012\Projects\Project4\Project4\Debug\link.13376.read.1.tlog
C:\Users\brian\Documents\Visual Studio 2012\Projects\Project4\Project4\Debug\link.13376.write.1.tlog
C:\Users\brian\Documents\Visual Studio 2012\Projects\Project4\Project4\Debug\link.1340-cvtres.read.1.tlog
C:\Users\brian\Documents\Visual Studio 2012\Projects\Project4\Project4\Debug\link.1340-cvtres.write.1.tlog
C:\Users\brian\Documents\Visual Studio 2012\Projects\Project4\Project4\Debug\link.1340-rc.read.1.tlog
C:\Users\brian\Documents\Visual Studio 2012\Projects\Project4\Project4\Debug\link.1340-rc.write.1.tlog
C:\Users\brian\Documents\Visual Studio 2012\Projects\Project4\Project4\Debug\link.1340.read.1.tlog
C:\Users\brian\Documents\Visual Studio 2012\Projects\Project4\Project4\Debug\link.1340.write.1.tlog
C:\Users\brian\Documents\Visual Studio 2012\Projects\Project4\Project4\Debug\link.13440-cvtres.read.1.tlog
C:\Users\brian\Documents\Visual Studio 2012\Projects\Project4\Project4\Debug\link.13440-cvtres.write.1.tlog
C:\Users\brian\Documents\Visual Studio 2012\Projects\Project4\Project4\Debug\link.13440-rc.read.1.tlog
C:\Users\brian\Documents\Visual Studio 2012\Projects\Project4\Project4\Debug\link.13440-rc.write.1.tlog
C:\Users\brian\Documents\Visual Studio 2012\Projects\Project4\Project4\Debug\link.13440.read.1.tlog
C:\Users\brian\Documents\Visual Studio 2012\Projects\Project4\Project4\Debug\link.13440.write.1.tlog
C:\Users\brian\Documents\Visual Studio 2012\Projects\Project4\Project4\Debug\link.13452-cvtres.read.1.tlog
C:\Users\brian\Documents\Visual Studio 2012\Projects\Project4\Project4\Debug\link.13452-cvtres.write.1.tlog
C:\Users\brian\Documents\Visual Studio 2012\Projects\Project4\Project4\Debug\link.13452-rc.read.1.tlog
C:\Users\brian\Documents\Visual Studio 2012\Projects\Project4\Project4\Debug\link.13452-rc.write.1.tlog
C:\Users\brian\Documents\Visual Studio 2012\Projects\Project4\Project4\Debug\link.13452.read.1.tlog
C:\Users\brian\Documents\Visual Studio 2012\Projects\Project4\Project4\Debug\link.13452.write.1.tlog
C:\Users\brian\Documents\Visual Studio 2012\Projects\Project4\Project4\Debug\link.13616-cvtres.read.1.tlog
C:\Users\brian\Documents\Visual Studio 2012\Projects\Project4\Project4\Debug\link.13616-cvtres.write.1.tlog
C:\Users\brian\Documents\Visual Studio 2012\Projects\Project4\Project4\Debug\link.13616-rc.read.1.tlog
C:\Users\brian\Documents\Visual Studio 2012\Projects\Project4\Project4\Debug\link.13616-rc.write.1.tlog
C:\Users\brian\Documents\Visual Studio 2012\Projects\Project4\Project4\Debug\link.13616.read.1.tlog
C:\Users\brian\Documents\Visual Studio 2012\Projects\Project4\Project4\Debug\link.13616.write.1.tlog
C:\Users\brian\Documents\Visual Studio 2012\Projects\Project4\Project4\Debug\link.13660-cvtres.read.1.tlog
C:\Users\brian\Documents\Visual Studio 2012\Projects\Project4\Project4\Debug\link.13660-cvtres.write.1.tlog
C:\Users\brian\Documents\Visual Studio 2012\Projects\Project4\Project4\Debug\link.13660-rc.read.1.tlog
C:\Users\brian\Documents\Visual Studio 2012\Projects\Project4\Project4\Debug\link.13660-rc.write.1.tlog
C:\Users\brian\Documents\Visual Studio 2012\Projects\Project4\Project4\Debug\link.13660.read.1.tlog
C:\Users\brian\Documents\Visual Studio 2012\Projects\Project4\Project4\Debug\link.13660.write.1.tlog
C:\Users\brian\Documents\Visual Studio 2012\Projects\Project4\Project4\Debug\link.13684-cvtres.read.1.tlog
C:\Users\brian\Documents\Visual Studio 2012\Projects\Project4\Project4\Debug\link.13684-cvtres.write.1.tlog
C:\Users\brian\Documents\Visual Studio 2012\Projects\Project4\Project4\Debug\link.13684-rc.read.1.tlog
C:\Users\brian\Documents\Visual Studio 2012\Projects\Project4\Project4\Debug\link.13684-rc.write.1.tlog
C:\Users\brian\Documents\Visual Studio 2012\Projects\Project4\Project4\Debug\link.13684.read.1.tlog
C:\Users\brian\Documents\Visual Studio 2012\Projects\Project4\Project4\Debug\link.13684.write.1.tlog
C:\Users\brian\Documents\Visual Studio 2012\Projects\Project4\Project4\Debug\link.13760-cvtres.read.1.tlog
C:\Users\brian\Documents\Visual Studio 2012\Projects\Project4\Project4\Debug\link.13760-cvtres.write.1.tlog
C:\Users\brian\Documents\Visual Studio 2012\Projects\Project4\Project4\Debug\link.13760-rc.read.1.tlog
C:\Users\brian\Documents\Visual Studio 2012\Projects\Project4\Project4\Debug\link.13760-rc.write.1.tlog
C:\Users\brian\Documents\Visual Studio 2012\Projects\Project4\Project4\Debug\link.13760.read.1.tlog
C:\Users\brian\Documents\Visual Studio 2012\Projects\Project4\Project4\Debug\link.13760.write.1.tlog
C:\Users\brian\Documents\Visual Studio 2012\Projects\Project4\Project4\Debug\link.13808-cvtres.read.1.tlog
C:\Users\brian\Documents\Visual Studio 2012\Projects\Project4\Project4\Debug\link.13808-cvtres.write.1.tlog
C:\Users\brian\Documents\Visual Studio 2012\Projects\Project4\Project4\Debug\link.13808-rc.read.1.tlog
C:\Users\brian\Documents\Visual Studio 2012\Projects\Project4\Project4\Debug\link.13808-rc.write.1.tlog
C:\Users\brian\Documents\Visual Studio 2012\Projects\Project4\Project4\Debug\link.13808.read.1.tlog
C:\Users\brian\Documents\Visual Studio 2012\Projects\Project4\Project4\Debug\link.13808.write.1.tlog
C:\Users\brian\Documents\Visual Studio 2012\Projects\Project4\Project4\Debug\link.13816-cvtres.read.1.tlog
C:\Users\brian\Documents\Visual Studio 2012\Projects\Project4\Project4\Debug\link.13816-cvtres.write.1.tlog
C:\Users\brian\Documents\Visual Studio 2012\Projects\Project4\Project4\Debug\link.13816-rc.read.1.tlog
C:\Users\brian\Documents\Visual Studio 2012\Projects\Project4\Project4\Debug\link.13816-rc.write.1.tlog
C:\Users\brian\Documents\Visual Studio 2012\Projects\Project4\Project4\Debug\link.13816.read.1.tlog
C:\Users\brian\Documents\Visual Studio 2012\Projects\Project4\Project4\Debug\link.13816.write.1.tlog
C:\Users\brian\Documents\Visual Studio 2012\Projects\Project4\Project4\Debug\link.13832-cvtres.read.1.tlog
C:\Users\brian\Documents\Visual Studio 2012\Projects\Project4\Project4\Debug\link.13832-cvtres.write.1.tlog
C:\Users\brian\Documents\Visual Studio 2012\Projects\Project4\Project4\Debug\link.13832-rc.read.1.tlog
C:\Users\brian\Documents\Visual Studio 2012\Projects\Project4\Project4\Debug\link.13832-rc.write.1.tlog
C:\Users\brian\Documents\Visual Studio 2012\Projects\Project4\Project4\Debug\link.13832.read.1.tlog
C:\Users\brian\Documents\Visual Studio 2012\Projects\Project4\Project4\Debug\link.13832.write.1.tlog
C:\Users\brian\Documents\Visual Studio 2012\Projects\Project4\Project4\Debug\link.13872-cvtres.read.1.tlog
C:\Users\brian\Documents\Visual Studio 2012\Projects\Project4\Project4\Debug\link.13872-cvtres.write.1.tlog
C:\Users\brian\Documents\Visual Studio 2012\Projects\Project4\Project4\Debug\link.13872-rc.read.1.tlog
C:\Users\brian\Documents\Visual Studio 2012\Projects\Project4\Project4\Debug\link.13872-rc.write.1.tlog
C:\Users\brian\Documents\Visual Studio 2012\Projects\Project4\Project4\Debug\link.13872.read.1.tlog
C:\Users\brian\Documents\Visual Studio 2012\Projects\Project4\Project4\Debug\link.13872.write.1.tlog
C:\Users\brian\Documents\Visual Studio 2012\Projects\Project4\Project4\Debug\link.13944-cvtres.read.1.tlog
C:\Users\brian\Documents\Visual Studio 2012\Projects\Project4\Project4\Debug\link.13944-cvtres.write.1.tlog
C:\Users\brian\Documents\Visual Studio 2012\Projects\Project4\Project4\Debug\link.13944-rc.read.1.tlog
C:\Users\brian\Documents\Visual Studio 2012\Projects\Project4\Project4\Debug\link.13944-rc.write.1.tlog
C:\Users\brian\Documents\Visual Studio 2012\Projects\Project4\Project4\Debug\link.13944.read.1.tlog
C:\Users\brian\Documents\Visual Studio 2012\Projects\Project4\Project4\Debug\link.13944.write.1.tlog
C:\Users\brian\Documents\Visual Studio 2012\Projects\Project4\Project4\Debug\link.14248-cvtres.read.1.tlog
C:\Users\brian\Documents\Visual Studio 2012\Projects\Project4\Project4\Debug\link.14248-cvtres.write.1.tlog
C:\Users\brian\Documents\Visual Studio 2012\Projects\Project4\Project4\Debug\link.14248-rc.read.1.tlog
C:\Users\brian\Documents\Visual Studio 2012\Projects\Project4\Project4\Debug\link.14248-rc.write.1.tlog
C:\Users\brian\Documents\Visual Studio 2012\Projects\Project4\Project4\Debug\link.14248.read.1.tlog
C:\Users\brian\Documents\Visual Studio 2012\Projects\Project4\Project4\Debug\link.14248.write.1.tlog
C:\Users\brian\Documents\Visual Studio 2012\Projects\Project4\Project4\Debug\link.14308-cvtres.read.1.tlog
C:\Users\brian\Documents\Visual Studio 2012\Projects\Project4\Project4\Debug\link.14308-cvtres.write.1.tlog
C:\Users\brian\Documents\Visual Studio 2012\Projects\Project4\Project4\Debug\link.14308-rc.read.1.tlog
C:\Users\brian\Documents\Visual Studio 2012\Projects\Project4\Project4\Debug\link.14308-rc.write.1.tlog
C:\Users\brian\Documents\Visual Studio 2012\Projects\Project4\Project4\Debug\link.14308.read.1.tlog
C:\Users\brian\Documents\Visual Studio 2012\Projects\Project4\Project4\Debug\link.14308.write.1.tlog
C:\Users\brian\Documents\Visual Studio 2012\Projects\Project4\Project4\Debug\link.14324-cvtres.read.1.tlog
C:\Users\brian\Documents\Visual Studio 2012\Projects\Project4\Project4\Debug\link.14324-cvtres.write.1.tlog
C:\Users\brian\Documents\Visual Studio 2012\Projects\Project4\Project4\Debug\link.14324-rc.read.1.tlog
C:\Users\brian\Documents\Visual Studio 2012\Projects\Project4\Project4\Debug\link.14324-rc.write.1.tlog
C:\Users\brian\Documents\Visual Studio 2012\Projects\Project4\Project4\Debug\link.14324.read.1.tlog
C:\Users\brian\Documents\Visual Studio 2012\Projects\Project4\Project4\Debug\link.14324.write.1.tlog
C:\Users\brian\Documents\Visual Studio 2012\Projects\Project4\Project4\Debug\link.14356-cvtres.read.1.tlog
C:\Users\brian\Documents\Visual Studio 2012\Projects\Project4\Project4\Debug\link.14356-cvtres.write.1.tlog
C:\Users\brian\Documents\Visual Studio 2012\Projects\Project4\Project4\Debug\link.14356-rc.read.1.tlog
C:\Users\brian\Documents\Visual Studio 2012\Projects\Project4\Project4\Debug\link.14356-rc.write.1.tlog
C:\Users\brian\Documents\Visual Studio 2012\Projects\Project4\Project4\Debug\link.14356.read.1.tlog
C:\Users\brian\Documents\Visual Studio 2012\Projects\Project4\Project4\Debug\link.14356.write.1.tlog
C:\Users\brian\Documents\Visual Studio 2012\Projects\Project4\Project4\Debug\link.1472-cvtres.read.1.tlog
C:\Users\brian\Documents\Visual Studio 2012\Projects\Project4\Project4\Debug\link.1472-cvtres.write.1.tlog
C:\Users\brian\Documents\Visual Studio 2012\Projects\Project4\Project4\Debug\link.1472-rc.read.1.tlog
C:\Users\brian\Documents\Visual Studio 2012\Projects\Project4\Project4\Debug\link.1472-rc.write.1.tlog
C:\Users\brian\Documents\Visual Studio 2012\Projects\Project4\Project4\Debug\link.1472.read.1.tlog
C:\Users\brian\Documents\Visual Studio 2012\Projects\Project4\Project4\Debug\link.1472.write.1.tlog
C:\Users\brian\Documents\Visual Studio 2012\Projects\Project4\Project4\Debug\link.14820-cvtres.read.1.tlog
C:\Users\brian\Documents\Visual Studio 2012\Projects\Project4\Project4\Debug\link.14820-cvtres.write.1.tlog
C:\Users\brian\Documents\Visual Studio 2012\Projects\Project4\Project4\Debug\link.14820-rc.read.1.tlog
C:\Users\brian\Documents\Visual Studio 2012\Projects\Project4\Project4\Debug\link.14820-rc.write.1.tlog
C:\Users\brian\Documents\Visual Studio 2012\Projects\Project4\Project4\Debug\link.14820.read.1.tlog
C:\Users\brian\Documents\Visual Studio 2012\Projects\Project4\Project4\Debug\link.14820.write.1.tlog
C:\Users\brian\Documents\Visual Studio 2012\Projects\Project4\Project4\Debug\link.15056-cvtres.read.1.tlog
C:\Users\brian\Documents\Visual Studio 2012\Projects\Project4\Project4\Debug\link.15056-cvtres.write.1.tlog
C:\Users\brian\Documents\Visual Studio 2012\Projects\Project4\Project4\Debug\link.15056-rc.read.1.tlog
C:\Users\brian\Documents\Visual Studio 2012\Projects\Project4\Project4\Debug\link.15056-rc.write.1.tlog
C:\Users\brian\Documents\Visual Studio 2012\Projects\Project4\Project4\Debug\link.15056.read.1.tlog
C:\Users\brian\Documents\Visual Studio 2012\Projects\Project4\Project4\Debug\link.15056.write.1.tlog
C:\Users\brian\Documents\Visual Studio 2012\Projects\Project4\Project4\Debug\link.1660-cvtres.read.1.tlog
C:\Users\brian\Documents\Visual Studio 2012\Projects\Project4\Project4\Debug\link.1660-cvtres.write.1.tlog
C:\Users\brian\Documents\Visual Studio 2012\Projects\Project4\Project4\Debug\link.1660-rc.read.1.tlog
C:\Users\brian\Documents\Visual Studio 2012\Projects\Project4\Project4\Debug\link.1660-rc.write.1.tlog
C:\Users\brian\Documents\Visual Studio 2012\Projects\Project4\Project4\Debug\link.1660.read.1.tlog
C:\Users\brian\Documents\Visual Studio 2012\Projects\Project4\Project4\Debug\link.1660.write.1.tlog
C:\Users\brian\Documents\Visual Studio 2012\Projects\Project4\Project4\Debug\link.1704-cvtres.read.1.tlog
C:\Users\brian\Documents\Visual Studio 2012\Projects\Project4\Project4\Debug\link.1704-cvtres.write.1.tlog
C:\Users\brian\Documents\Visual Studio 2012\Projects\Project4\Project4\Debug\link.1704-rc.read.1.tlog
C:\Users\brian\Documents\Visual Studio 2012\Projects\Project4\Project4\Debug\link.1704-rc.write.1.tlog
C:\Users\brian\Documents\Visual Studio 2012\Projects\Project4\Project4\Debug\link.1704.read.1.tlog
C:\Users\brian\Documents\Visual Studio 2012\Projects\Project4\Project4\Debug\link.1704.write.1.tlog
C:\Users\brian\Documents\Visual Studio 2012\Projects\Project4\Project4\Debug\link.1912-cvtres.read.1.tlog
C:\Users\brian\Documents\Visual Studio 2012\Projects\Project4\Project4\Debug\link.1912-cvtres.write.1.tlog
C:\Users\brian\Documents\Visual Studio 2012\Projects\Project4\Project4\Debug\link.1912-rc.read.1.tlog
C:\Users\brian\Documents\Visual Studio 2012\Projects\Project4\Project4\Debug\link.1912-rc.write.1.tlog
C:\Users\brian\Documents\Visual Studio 2012\Projects\Project4\Project4\Debug\link.1912.read.1.tlog
C:\Users\brian\Documents\Visual Studio 2012\Projects\Project4\Project4\Debug\link.1912.write.1.tlog
C:\Users\brian\Documents\Visual Studio 2012\Projects\Project4\Project4\Debug\link.1952-cvtres.read.1.tlog
C:\Users\brian\Documents\Visual Studio 2012\Projects\Project4\Project4\Debug\link.1952-cvtres.write.1.tlog
C:\Users\brian\Documents\Visual Studio 2012\Projects\Project4\Project4\Debug\link.1952-rc.read.1.tlog
C:\Users\brian\Documents\Visual Studio 2012\Projects\Project4\Project4\Debug\link.1952-rc.write.1.tlog
C:\Users\brian\Documents\Visual Studio 2012\Projects\Project4\Project4\Debug\link.1952.read.1.tlog
C:\Users\brian\Documents\Visual Studio 2012\Projects\Project4\Project4\Debug\link.1952.write.1.tlog
C:\Users\brian\Documents\Visual Studio 2012\Projects\Project4\Project4\Debug\link.2608-cvtres.read.1.tlog
C:\Users\brian\Documents\Visual Studio 2012\Projects\Project4\Project4\Debug\link.2608-cvtres.write.1.tlog
C:\Users\brian\Documents\Visual Studio 2012\Projects\Project4\Project4\Debug\link.2608-rc.read.1.tlog
C:\Users\brian\Documents\Visual Studio 2012\Projects\Project4\Project4\Debug\link.2608-rc.write.1.tlog
C:\Users\brian\Documents\Visual Studio 2012\Projects\Project4\Project4\Debug\link.2608.read.1.tlog
C:\Users\brian\Documents\Visual Studio 2012\Projects\Project4\Project4\Debug\link.2608.write.1.tlog
C:\Users\brian\Documents\Visual Studio 2012\Projects\Project4\Project4\Debug\link.300-cvtres.read.1.tlog
C:\Users\brian\Documents\Visual Studio 2012\Projects\Project4\Project4\Debug\link.300-cvtres.write.1.tlog
C:\Users\brian\Documents\Visual Studio 2012\Projects\Project4\Project4\Debug\link.300-rc.read.1.tlog
C:\Users\brian\Documents\Visual Studio 2012\Projects\Project4\Project4\Debug\link.300-rc.write.1.tlog
C:\Users\brian\Documents\Visual Studio 2012\Projects\Project4\Project4\Debug\link.300.read.1.tlog
C:\Users\brian\Documents\Visual Studio 2012\Projects\Project4\Project4\Debug\link.300.write.1.tlog
C:\Users\brian\Documents\Visual Studio 2012\Projects\Project4\Project4\Debug\link.3064-cvtres.read.1.tlog
C:\Users\brian\Documents\Visual Studio 2012\Projects\Project4\Project4\Debug\link.3064-cvtres.write.1.tlog
C:\Users\brian\Documents\Visual Studio 2012\Projects\Project4\Project4\Debug\link.3064-rc.read.1.tlog
C:\Users\brian\Documents\Visual Studio 2012\Projects\Project4\Project4\Debug\link.3064-rc.write.1.tlog
C:\Users\brian\Documents\Visual Studio 2012\Projects\Project4\Project4\Debug\link.3064.read.1.tlog
C:\Users\brian\Documents\Visual Studio 2012\Projects\Project4\Project4\Debug\link.3064.write.1.tlog
C:\Users\brian\Documents\Visual Studio 2012\Projects\Project4\Project4\Debug\link.3424-cvtres.read.1.tlog
C:\Users\brian\Documents\Visual Studio 2012\Projects\Project4\Project4\Debug\link.3424-cvtres.write.1.tlog
C:\Users\brian\Documents\Visual Studio 2012\Projects\Project4\Project4\Debug\link.3424-rc.read.1.tlog
C:\Users\brian\Documents\Visual Studio 2012\Projects\Project4\Project4\Debug\link.3424-rc.write.1.tlog
C:\Users\brian\Documents\Visual Studio 2012\Projects\Project4\Project4\Debug\link.3424.read.1.tlog
C:\Users\brian\Documents\Visual Studio 2012\Projects\Project4\Project4\Debug\link.3424.write.1.tlog
C:\Users\brian\Documents\Visual Studio 2012\Projects\Project4\Project4\Debug\link.3740-cvtres.read.1.tlog
C:\Users\brian\Documents\Visual Studio 2012\Projects\Project4\Project4\Debug\link.3740-cvtres.write.1.tlog
C:\Users\brian\Documents\Visual Studio 2012\Projects\Project4\Project4\Debug\link.3740-rc.read.1.tlog
C:\Users\brian\Documents\Visual Studio 2012\Projects\Project4\Project4\Debug\link.3740-rc.write.1.tlog
C:\Users\brian\Documents\Visual Studio 2012\Projects\Project4\Project4\Debug\link.3740.read.1.tlog
C:\Users\brian\Documents\Visual Studio 2012\Projects\Project4\Project4\Debug\link.3740.write.1.tlog
C:\Users\brian\Documents\Visual Studio 2012\Projects\Project4\Project4\Debug\link.3868-cvtres.read.1.tlog
C:\Users\brian\Documents\Visual Studio 2012\Projects\Project4\Project4\Debug\link.3868-cvtres.write.1.tlog
C:\Users\brian\Documents\Visual Studio 2012\Projects\Project4\Project4\Debug\link.3868-rc.read.1.tlog
C:\Users\brian\Documents\Visual Studio 2012\Projects\Project4\Project4\Debug\link.3868-rc.write.1.tlog
C:\Users\brian\Documents\Visual Studio 2012\Projects\Project4\Project4\Debug\link.3868.read.1.tlog
C:\Users\brian\Documents\Visual Studio 2012\Projects\Project4\Project4\Debug\link.3868.write.1.tlog
C:\Users\brian\Documents\Visual Studio 2012\Projects\Project4\Project4\Debug\link.3936-cvtres.read.1.tlog
C:\Users\brian\Documents\Visual Studio 2012\Projects\Project4\Project4\Debug\link.3936-cvtres.write.1.tlog
C:\Users\brian\Documents\Visual Studio 2012\Projects\Project4\Project4\Debug\link.3936-rc.read.1.tlog
C:\Users\brian\Documents\Visual Studio 2012\Projects\Project4\Project4\Debug\link.3936-rc.write.1.tlog
C:\Users\brian\Documents\Visual Studio 2012\Projects\Project4\Project4\Debug\link.3936.read.1.tlog
C:\Users\brian\Documents\Visual Studio 2012\Projects\Project4\Project4\Debug\link.3936.write.1.tlog
C:\Users\brian\Documents\Visual Studio 2012\Projects\Project4\Project4\Debug\link.3944-cvtres.read.1.tlog
C:\Users\brian\Documents\Visual Studio 2012\Projects\Project4\Project4\Debug\link.3944-cvtres.write.1.tlog
C:\Users\brian\Documents\Visual Studio 2012\Projects\Project4\Project4\Debug\link.3944-rc.read.1.tlog
C:\Users\brian\Documents\Visual Studio 2012\Projects\Project4\Project4\Debug\link.3944-rc.write.1.tlog
C:\Users\brian\Documents\Visual Studio 2012\Projects\Project4\Project4\Debug\link.3944.read.1.tlog
C:\Users\brian\Documents\Visual Studio 2012\Projects\Project4\Project4\Debug\link.3944.write.1.tlog
C:\Users\brian\Documents\Visual Studio 2012\Projects\Project4\Project4\Debug\link.4056-cvtres.read.1.tlog
C:\Users\brian\Documents\Visual Studio 2012\Projects\Project4\Project4\Debug\link.4056-cvtres.write.1.tlog
C:\Users\brian\Documents\Visual Studio 2012\Projects\Project4\Project4\Debug\link.4056-rc.read.1.tlog
C:\Users\brian\Documents\Visual Studio 2012\Projects\Project4\Project4\Debug\link.4056-rc.write.1.tlog
C:\Users\brian\Documents\Visual Studio 2012\Projects\Project4\Project4\Debug\link.4056.read.1.tlog
C:\Users\brian\Documents\Visual Studio 2012\Projects\Project4\Project4\Debug\link.4056.write.1.tlog
C:\Users\brian\Documents\Visual Studio 2012\Projects\Project4\Project4\Debug\link.4344-cvtres.read.1.tlog
C:\Users\brian\Documents\Visual Studio 2012\Projects\Project4\Project4\Debug\link.4344-cvtres.write.1.tlog
C:\Users\brian\Documents\Visual Studio 2012\Projects\Project4\Project4\Debug\link.4344-rc.read.1.tlog
C:\Users\brian\Documents\Visual Studio 2012\Projects\Project4\Project4\Debug\link.4344-rc.write.1.tlog
C:\Users\brian\Documents\Visual Studio 2012\Projects\Project4\Project4\Debug\link.4344.read.1.tlog
C:\Users\brian\Documents\Visual Studio 2012\Projects\Project4\Project4\Debug\link.4344.write.1.tlog
C:\Users\brian\Documents\Visual Studio 2012\Projects\Project4\Project4\Debug\link.4360-cvtres.read.1.tlog
C:\Users\brian\Documents\Visual Studio 2012\Projects\Project4\Project4\Debug\link.4360-cvtres.write.1.tlog
C:\Users\brian\Documents\Visual Studio 2012\Projects\Project4\Project4\Debug\link.4360-rc.read.1.tlog
C:\Users\brian\Documents\Visual Studio 2012\Projects\Project4\Project4\Debug\link.4360-rc.write.1.tlog
C:\Users\brian\Documents\Visual Studio 2012\Projects\Project4\Project4\Debug\link.4360.read.1.tlog
C:\Users\brian\Documents\Visual Studio 2012\Projects\Project4\Project4\Debug\link.4360.write.1.tlog
C:\Users\brian\Documents\Visual Studio 2012\Projects\Project4\Project4\Debug\link.4384-cvtres.read.1.tlog
C:\Users\brian\Documents\Visual Studio 2012\Projects\Project4\Project4\Debug\link.4384-cvtres.write.1.tlog
C:\Users\brian\Documents\Visual Studio 2012\Projects\Project4\Project4\Debug\link.4384-rc.read.1.tlog
C:\Users\brian\Documents\Visual Studio 2012\Projects\Project4\Project4\Debug\link.4384-rc.write.1.tlog
C:\Users\brian\Documents\Visual Studio 2012\Projects\Project4\Project4\Debug\link.4384.read.1.tlog
C:\Users\brian\Documents\Visual Studio 2012\Projects\Project4\Project4\Debug\link.4384.write.1.tlog
C:\Users\brian\Documents\Visual Studio 2012\Projects\Project4\Project4\Debug\link.4396-cvtres.read.1.tlog
C:\Users\brian\Documents\Visual Studio 2012\Projects\Project4\Project4\Debug\link.4396-cvtres.write.1.tlog
C:\Users\brian\Documents\Visual Studio 2012\Projects\Project4\Project4\Debug\link.4396-rc.read.1.tlog
C:\Users\brian\Documents\Visual Studio 2012\Projects\Project4\Project4\Debug\link.4396-rc.write.1.tlog
C:\Users\brian\Documents\Visual Studio 2012\Projects\Project4\Project4\Debug\link.4396.read.1.tlog
C:\Users\brian\Documents\Visual Studio 2012\Projects\Project4\Project4\Debug\link.4396.write.1.tlog
C:\Users\brian\Documents\Visual Studio 2012\Projects\Project4\Project4\Debug\link.4860-cvtres.read.1.tlog
C:\Users\brian\Documents\Visual Studio 2012\Projects\Project4\Project4\Debug\link.4860-cvtres.write.1.tlog
C:\Users\brian\Documents\Visual Studio 2012\Projects\Project4\Project4\Debug\link.4860-rc.read.1.tlog
C:\Users\brian\Documents\Visual Studio 2012\Projects\Project4\Project4\Debug\link.4860-rc.write.1.tlog
C:\Users\brian\Documents\Visual Studio 2012\Projects\Project4\Project4\Debug\link.4860.read.1.tlog
C:\Users\brian\Documents\Visual Studio 2012\Projects\Project4\Project4\Debug\link.4860.write.1.tlog
C:\Users\brian\Documents\Visual Studio 2012\Projects\Project4\Project4\Debug\link.4900-cvtres.read.1.tlog
C:\Users\brian\Documents\Visual Studio 2012\Projects\Project4\Project4\Debug\link.4900-cvtres.write.1.tlog
C:\Users\brian\Documents\Visual Studio 2012\Projects\Project4\Project4\Debug\link.4900-rc.read.1.tlog
C:\Users\brian\Documents\Visual Studio 2012\Projects\Project4\Project4\Debug\link.4900-rc.write.1.tlog
C:\Users\brian\Documents\Visual Studio 2012\Projects\Project4\Project4\Debug\link.4900.read.1.tlog
C:\Users\brian\Documents\Visual Studio 2012\Projects\Project4\Project4\Debug\link.4900.write.1.tlog
C:\Users\brian\Documents\Visual Studio 2012\Projects\Project4\Project4\Debug\link.5016-rc.read.1.tlog
C:\Users\brian\Documents\Visual Studio 2012\Projects\Project4\Project4\Debug\link.5016-rc.write.1.tlog
C:\Users\brian\Documents\Visual Studio 2012\Projects\Project4\Project4\Debug\link.5016.read.1.tlog
C:\Users\brian\Documents\Visual Studio 2012\Projects\Project4\Project4\Debug\link.5016.write.1.tlog
C:\Users\brian\Documents\Visual Studio 2012\Projects\Project4\Project4\Debug\link.5720-cvtres.read.1.tlog
C:\Users\brian\Documents\Visual Studio 2012\Projects\Project4\Project4\Debug\link.5720-cvtres.write.1.tlog
C:\Users\brian\Documents\Visual Studio 2012\Projects\Project4\Project4\Debug\link.5720-rc.read.1.tlog
C:\Users\brian\Documents\Visual Studio 2012\Projects\Project4\Project4\Debug\link.5720-rc.write.1.tlog
C:\Users\brian\Documents\Visual Studio 2012\Projects\Project4\Project4\Debug\link.5720.read.1.tlog
C:\Users\brian\Documents\Visual Studio 2012\Projects\Project4\Project4\Debug\link.5720.write.1.tlog
C:\Users\brian\Documents\Visual Studio 2012\Projects\Project4\Project4\Debug\link.6244-cvtres.read.1.tlog
C:\Users\brian\Documents\Visual Studio 2012\Projects\Project4\Project4\Debug\link.6244-cvtres.write.1.tlog
C:\Users\brian\Documents\Visual Studio 2012\Projects\Project4\Project4\Debug\link.6244-rc.read.1.tlog
C:\Users\brian\Documents\Visual Studio 2012\Projects\Project4\Project4\Debug\link.6244-rc.write.1.tlog
C:\Users\brian\Documents\Visual Studio 2012\Projects\Project4\Project4\Debug\link.6244.read.1.tlog
C:\Users\brian\Documents\Visual Studio 2012\Projects\Project4\Project4\Debug\link.6244.write.1.tlog
C:\Users\brian\Documents\Visual Studio 2012\Projects\Project4\Project4\Debug\link.6328-cvtres.read.1.tlog
C:\Users\brian\Documents\Visual Studio 2012\Projects\Project4\Project4\Debug\link.6328-cvtres.write.1.tlog
C:\Users\brian\Documents\Visual Studio 2012\Projects\Project4\Project4\Debug\link.6328-rc.read.1.tlog
C:\Users\brian\Documents\Visual Studio 2012\Projects\Project4\Project4\Debug\link.6328-rc.write.1.tlog
C:\Users\brian\Documents\Visual Studio 2012\Projects\Project4\Project4\Debug\link.6328.read.1.tlog
C:\Users\brian\Documents\Visual Studio 2012\Projects\Project4\Project4\Debug\link.6328.write.1.tlog
C:\Users\brian\Documents\Visual Studio 2012\Projects\Project4\Project4\Debug\link.6932-cvtres.read.1.tlog
C:\Users\brian\Documents\Visual Studio 2012\Projects\Project4\Project4\Debug\link.6932-cvtres.write.1.tlog
C:\Users\brian\Documents\Visual Studio 2012\Projects\Project4\Project4\Debug\link.6932-rc.read.1.tlog
C:\Users\brian\Documents\Visual Studio 2012\Projects\Project4\Project4\Debug\link.6932-rc.write.1.tlog
C:\Users\brian\Documents\Visual Studio 2012\Projects\Project4\Project4\Debug\link.6932.read.1.tlog
C:\Users\brian\Documents\Visual Studio 2012\Projects\Project4\Project4\Debug\link.6932.write.1.tlog
C:\Users\brian\Documents\Visual Studio 2012\Projects\Project4\Project4\Debug\link.7000-cvtres.read.1.tlog
C:\Users\brian\Documents\Visual Studio 2012\Projects\Project4\Project4\Debug\link.7000-cvtres.write.1.tlog
C:\Users\brian\Documents\Visual Studio 2012\Projects\Project4\Project4\Debug\link.7000-rc.read.1.tlog
C:\Users\brian\Documents\Visual Studio 2012\Projects\Project4\Project4\Debug\link.7000-rc.write.1.tlog
C:\Users\brian\Documents\Visual Studio 2012\Projects\Project4\Project4\Debug\link.7000.read.1.tlog
C:\Users\brian\Documents\Visual Studio 2012\Projects\Project4\Project4\Debug\link.7000.write.1.tlog
C:\Users\brian\Documents\Visual Studio 2012\Projects\Project4\Project4\Debug\link.704-cvtres.read.1.tlog
C:\Users\brian\Documents\Visual Studio 2012\Projects\Project4\Project4\Debug\link.704-cvtres.write.1.tlog
C:\Users\brian\Documents\Visual Studio 2012\Projects\Project4\Project4\Debug\link.704-rc.read.1.tlog
C:\Users\brian\Documents\Visual Studio 2012\Projects\Project4\Project4\Debug\link.704-rc.write.1.tlog
C:\Users\brian\Documents\Visual Studio 2012\Projects\Project4\Project4\Debug\link.704.read.1.tlog
C:\Users\brian\Documents\Visual Studio 2012\Projects\Project4\Project4\Debug\link.704.write.1.tlog
C:\Users\brian\Documents\Visual Studio 2012\Projects\Project4\Project4\Debug\link.7536-cvtres.read.1.tlog
C:\Users\brian\Documents\Visual Studio 2012\Projects\Project4\Project4\Debug\link.7536-cvtres.write.1.tlog
C:\Users\brian\Documents\Visual Studio 2012\Projects\Project4\Project4\Debug\link.7536-rc.read.1.tlog
C:\Users\brian\Documents\Visual Studio 2012\Projects\Project4\Project4\Debug\link.7536-rc.write.1.tlog
C:\Users\brian\Documents\Visual Studio 2012\Projects\Project4\Project4\Debug\link.7536.read.1.tlog
C:\Users\brian\Documents\Visual Studio 2012\Projects\Project4\Project4\Debug\link.7536.write.1.tlog
C:\Users\brian\Documents\Visual Studio 2012\Projects\Project4\Project4\Debug\link.7648-cvtres.read.1.tlog
C:\Users\brian\Documents\Visual Studio 2012\Projects\Project4\Project4\Debug\link.7648-cvtres.write.1.tlog
C:\Users\brian\Documents\Visual Studio 2012\Projects\Project4\Project4\Debug\link.7648-rc.read.1.tlog
C:\Users\brian\Documents\Visual Studio 2012\Projects\Project4\Project4\Debug\link.7648-rc.write.1.tlog
C:\Users\brian\Documents\Visual Studio 2012\Projects\Project4\Project4\Debug\link.7648.read.1.tlog
C:\Users\brian\Documents\Visual Studio 2012\Projects\Project4\Project4\Debug\link.7648.write.1.tlog
C:\Users\brian\Documents\Visual Studio 2012\Projects\Project4\Project4\Debug\link.7732-cvtres.read.1.tlog
C:\Users\brian\Documents\Visual Studio 2012\Projects\Project4\Project4\Debug\link.7732-cvtres.write.1.tlog
C:\Users\brian\Documents\Visual Studio 2012\Projects\Project4\Project4\Debug\link.7732-rc.read.1.tlog
C:\Users\brian\Documents\Visual Studio 2012\Projects\Project4\Project4\Debug\link.7732-rc.write.1.tlog
C:\Users\brian\Documents\Visual Studio 2012\Projects\Project4\Project4\Debug\link.7732.read.1.tlog
C:\Users\brian\Documents\Visual Studio 2012\Projects\Project4\Project4\Debug\link.7732.write.1.tlog
C:\Users\brian\Documents\Visual Studio 2012\Projects\Project4\Project4\Debug\link.7872-cvtres.read.1.tlog
C:\Users\brian\Documents\Visual Studio 2012\Projects\Project4\Project4\Debug\link.7872-cvtres.write.1.tlog
C:\Users\brian\Documents\Visual Studio 2012\Projects\Project4\Project4\Debug\link.7872-rc.read.1.tlog
C:\Users\brian\Documents\Visual Studio 2012\Projects\Project4\Project4\Debug\link.7872-rc.write.1.tlog
C:\Users\brian\Documents\Visual Studio 2012\Projects\Project4\Project4\Debug\link.7872.read.1.tlog
C:\Users\brian\Documents\Visual Studio 2012\Projects\Project4\Project4\Debug\link.7872.write.1.tlog
C:\Users\brian\Documents\Visual Studio 2012\Projects\Project4\Project4\Debug\link.8104-cvtres.read.1.tlog
C:\Users\brian\Documents\Visual Studio 2012\Projects\Project4\Project4\Debug\link.8104-cvtres.write.1.tlog
C:\Users\brian\Documents\Visual Studio 2012\Projects\Project4\Project4\Debug\link.8104-rc.read.1.tlog
C:\Users\brian\Documents\Visual Studio 2012\Projects\Project4\Project4\Debug\link.8104-rc.write.1.tlog
C:\Users\brian\Documents\Visual Studio 2012\Projects\Project4\Project4\Debug\link.8104.read.1.tlog
C:\Users\brian\Documents\Visual Studio 2012\Projects\Project4\Project4\Debug\link.8104.write.1.tlog
C:\Users\brian\Documents\Visual Studio 2012\Projects\Project4\Project4\Debug\link.8160-cvtres.read.1.tlog
C:\Users\brian\Documents\Visual Studio 2012\Projects\Project4\Project4\Debug\link.8160-cvtres.write.1.tlog
C:\Users\brian\Documents\Visual Studio 2012\Projects\Project4\Project4\Debug\link.8160-rc.read.1.tlog
C:\Users\brian\Documents\Visual Studio 2012\Projects\Project4\Project4\Debug\link.8160-rc.write.1.tlog
C:\Users\brian\Documents\Visual Studio 2012\Projects\Project4\Project4\Debug\link.8160.read.1.tlog
C:\Users\brian\Documents\Visual Studio 2012\Projects\Project4\Project4\Debug\link.8160.write.1.tlog
C:\Users\brian\Documents\Visual Studio 2012\Projects\Project4\Project4\Debug\link.8228-cvtres.read.1.tlog
C:\Users\brian\Documents\Visual Studio 2012\Projects\Project4\Project4\Debug\link.8228-cvtres.write.1.tlog
C:\Users\brian\Documents\Visual Studio 2012\Projects\Project4\Project4\Debug\link.8228-rc.read.1.tlog
C:\Users\brian\Documents\Visual Studio 2012\Projects\Project4\Project4\Debug\link.8228-rc.write.1.tlog
C:\Users\brian\Documents\Visual Studio 2012\Projects\Project4\Project4\Debug\link.8228.read.1.tlog
C:\Users\brian\Documents\Visual Studio 2012\Projects\Project4\Project4\Debug\link.8228.write.1.tlog
C:\Users\brian\Documents\Visual Studio 2012\Projects\Project4\Project4\Debug\link.8240-cvtres.read.1.tlog
C:\Users\brian\Documents\Visual Studio 2012\Projects\Project4\Project4\Debug\link.8240-cvtres.write.1.tlog
C:\Users\brian\Documents\Visual Studio 2012\Projects\Project4\Project4\Debug\link.8240-rc.read.1.tlog
C:\Users\brian\Documents\Visual Studio 2012\Projects\Project4\Project4\Debug\link.8240-rc.write.1.tlog
C:\Users\brian\Documents\Visual Studio 2012\Projects\Project4\Project4\Debug\link.8240.read.1.tlog
C:\Users\brian\Documents\Visual Studio 2012\Projects\Project4\Project4\Debug\link.8240.write.1.tlog
C:\Users\brian\Documents\Visual Studio 2012\Projects\Project4\Project4\Debug\link.8416-cvtres.read.1.tlog
C:\Users\brian\Documents\Visual Studio 2012\Projects\Project4\Project4\Debug\link.8416-cvtres.write.1.tlog
C:\Users\brian\Documents\Visual Studio 2012\Projects\Project4\Project4\Debug\link.8416-rc.read.1.tlog
C:\Users\brian\Documents\Visual Studio 2012\Projects\Project4\Project4\Debug\link.8416-rc.write.1.tlog
C:\Users\brian\Documents\Visual Studio 2012\Projects\Project4\Project4\Debug\link.8416.read.1.tlog
C:\Users\brian\Documents\Visual Studio 2012\Projects\Project4\Project4\Debug\link.8416.write.1.tlog
C:\Users\brian\Documents\Visual Studio 2012\Projects\Project4\Project4\Debug\link.8456-cvtres.read.1.tlog
C:\Users\brian\Documents\Visual Studio 2012\Projects\Project4\Project4\Debug\link.8456-cvtres.write.1.tlog
C:\Users\brian\Documents\Visual Studio 2012\Projects\Project4\Project4\Debug\link.8456-rc.read.1.tlog
C:\Users\brian\Documents\Visual Studio 2012\Projects\Project4\Project4\Debug\link.8456-rc.write.1.tlog
C:\Users\brian\Documents\Visual Studio 2012\Projects\Project4\Project4\Debug\link.8456.read.1.tlog
C:\Users\brian\Documents\Visual Studio 2012\Projects\Project4\Project4\Debug\link.8456.write.1.tlog
C:\Users\brian\Documents\Visual Studio 2012\Projects\Project4\Project4\Debug\link.8464-cvtres.read.1.tlog
C:\Users\brian\Documents\Visual Studio 2012\Projects\Project4\Project4\Debug\link.8464-cvtres.write.1.tlog
C:\Users\brian\Documents\Visual Studio 2012\Projects\Project4\Project4\Debug\link.8464-rc.read.1.tlog
C:\Users\brian\Documents\Visual Studio 2012\Projects\Project4\Project4\Debug\link.8464-rc.write.1.tlog
C:\Users\brian\Documents\Visual Studio 2012\Projects\Project4\Project4\Debug\link.8464.read.1.tlog
C:\Users\brian\Documents\Visual Studio 2012\Projects\Project4\Project4\Debug\link.8464.write.1.tlog
C:\Users\brian\Documents\Visual Studio 2012\Projects\Project4\Project4\Debug\link.8512-cvtres.read.1.tlog
C:\Users\brian\Documents\Visual Studio 2012\Projects\Project4\Project4\Debug\link.8512-cvtres.write.1.tlog
C:\Users\brian\Documents\Visual Studio 2012\Projects\Project4\Project4\Debug\link.8512-rc.read.1.tlog
C:\Users\brian\Documents\Visual Studio 2012\Projects\Project4\Project4\Debug\link.8512-rc.write.1.tlog
C:\Users\brian\Documents\Visual Studio 2012\Projects\Project4\Project4\Debug\link.8512.read.1.tlog
C:\Users\brian\Documents\Visual Studio 2012\Projects\Project4\Project4\Debug\link.8512.write.1.tlog
C:\Users\brian\Documents\Visual Studio 2012\Projects\Project4\Project4\Debug\link.8532-cvtres.read.1.tlog
C:\Users\brian\Documents\Visual Studio 2012\Projects\Project4\Project4\Debug\link.8532-cvtres.write.1.tlog
C:\Users\brian\Documents\Visual Studio 2012\Projects\Project4\Project4\Debug\link.8532-rc.read.1.tlog
C:\Users\brian\Documents\Visual Studio 2012\Projects\Project4\Project4\Debug\link.8532-rc.write.1.tlog
C:\Users\brian\Documents\Visual Studio 2012\Projects\Project4\Project4\Debug\link.8532.read.1.tlog
C:\Users\brian\Documents\Visual Studio 2012\Projects\Project4\Project4\Debug\link.8532.write.1.tlog
C:\Users\brian\Documents\Visual Studio 2012\Projects\Project4\Project4\Debug\link.8608-cvtres.read.1.tlog
C:\Users\brian\Documents\Visual Studio 2012\Projects\Project4\Project4\Debug\link.8608-cvtres.write.1.tlog
C:\Users\brian\Documents\Visual Studio 2012\Projects\Project4\Project4\Debug\link.8608-rc.read.1.tlog
C:\Users\brian\Documents\Visual Studio 2012\Projects\Project4\Project4\Debug\link.8608-rc.write.1.tlog
C:\Users\brian\Documents\Visual Studio 2012\Projects\Project4\Project4\Debug\link.8608.read.1.tlog
C:\Users\brian\Documents\Visual Studio 2012\Projects\Project4\Project4\Debug\link.8608.write.1.tlog
C:\Users\brian\Documents\Visual Studio 2012\Projects\Project4\Project4\Debug\link.8612-cvtres.read.1.tlog
C:\Users\brian\Documents\Visual Studio 2012\Projects\Project4\Project4\Debug\link.8612-cvtres.write.1.tlog
C:\Users\brian\Documents\Visual Studio 2012\Projects\Project4\Project4\Debug\link.8612-rc.read.1.tlog
C:\Users\brian\Documents\Visual Studio 2012\Projects\Project4\Project4\Debug\link.8612-rc.write.1.tlog
C:\Users\brian\Documents\Visual Studio 2012\Projects\Project4\Project4\Debug\link.8612.read.1.tlog
C:\Users\brian\Documents\Visual Studio 2012\Projects\Project4\Project4\Debug\link.8612.write.1.tlog
C:\Users\brian\Documents\Visual Studio 2012\Projects\Project4\Project4\Debug\link.8684-cvtres.read.1.tlog
C:\Users\brian\Documents\Visual Studio 2012\Projects\Project4\Project4\Debug\link.8684-cvtres.write.1.tlog
C:\Users\brian\Documents\Visual Studio 2012\Projects\Project4\Project4\Debug\link.8684-rc.read.1.tlog
C:\Users\brian\Documents\Visual Studio 2012\Projects\Project4\Project4\Debug\link.8684-rc.write.1.tlog
C:\Users\brian\Documents\Visual Studio 2012\Projects\Project4\Project4\Debug\link.8684.read.1.tlog
C:\Users\brian\Documents\Visual Studio 2012\Projects\Project4\Project4\Debug\link.8684.write.1.tlog
C:\Users\brian\Documents\Visual Studio 2012\Projects\Project4\Project4\Debug\link.8700-cvtres.read.1.tlog
C:\Users\brian\Documents\Visual Studio 2012\Projects\Project4\Project4\Debug\link.8700-cvtres.write.1.tlog
C:\Users\brian\Documents\Visual Studio 2012\Projects\Project4\Project4\Debug\link.8700-rc.read.1.tlog
C:\Users\brian\Documents\Visual Studio 2012\Projects\Project4\Project4\Debug\link.8700-rc.write.1.tlog
C:\Users\brian\Documents\Visual Studio 2012\Projects\Project4\Project4\Debug\link.8700.read.1.tlog
C:\Users\brian\Documents\Visual Studio 2012\Projects\Project4\Project4\Debug\link.8700.write.1.tlog
C:\Users\brian\Documents\Visual Studio 2012\Projects\Project4\Project4\Debug\link.8804-cvtres.read.1.tlog
C:\Users\brian\Documents\Visual Studio 2012\Projects\Project4\Project4\Debug\link.8804-cvtres.write.1.tlog
C:\Users\brian\Documents\Visual Studio 2012\Projects\Project4\Project4\Debug\link.8804-rc.read.1.tlog
C:\Users\brian\Documents\Visual Studio 2012\Projects\Project4\Project4\Debug\link.8804-rc.write.1.tlog
C:\Users\brian\Documents\Visual Studio 2012\Projects\Project4\Project4\Debug\link.8804.read.1.tlog
C:\Users\brian\Documents\Visual Studio 2012\Projects\Project4\Project4\Debug\link.8804.write.1.tlog
C:\Users\brian\Documents\Visual Studio 2012\Projects\Project4\Project4\Debug\link.8852-cvtres.read.1.tlog
C:\Users\brian\Documents\Visual Studio 2012\Projects\Project4\Project4\Debug\link.8852-cvtres.write.1.tlog
C:\Users\brian\Documents\Visual Studio 2012\Projects\Project4\Project4\Debug\link.8852-rc.read.1.tlog
C:\Users\brian\Documents\Visual Studio 2012\Projects\Project4\Project4\Debug\link.8852-rc.write.1.tlog
C:\Users\brian\Documents\Visual Studio 2012\Projects\Project4\Project4\Debug\link.8852.read.1.tlog
C:\Users\brian\Documents\Visual Studio 2012\Projects\Project4\Project4\Debug\link.8852.write.1.tlog
C:\Users\brian\Documents\Visual Studio 2012\Projects\Project4\Project4\Debug\link.8908-cvtres.read.1.tlog
C:\Users\brian\Documents\Visual Studio 2012\Projects\Project4\Project4\Debug\link.8908-cvtres.write.1.tlog
C:\Users\brian\Documents\Visual Studio 2012\Projects\Project4\Project4\Debug\link.8908-rc.read.1.tlog
C:\Users\brian\Documents\Visual Studio 2012\Projects\Project4\Project4\Debug\link.8908-rc.write.1.tlog
C:\Users\brian\Documents\Visual Studio 2012\Projects\Project4\Project4\Debug\link.8908.read.1.tlog
C:\Users\brian\Documents\Visual Studio 2012\Projects\Project4\Project4\Debug\link.8908.write.1.tlog
C:\Users\brian\Documents\Visual Studio 2012\Projects\Project4\Project4\Debug\link.8912-cvtres.read.1.tlog
C:\Users\brian\Documents\Visual Studio 2012\Projects\Project4\Project4\Debug\link.8912-cvtres.write.1.tlog
C:\Users\brian\Documents\Visual Studio 2012\Projects\Project4\Project4\Debug\link.8912-rc.read.1.tlog
C:\Users\brian\Documents\Visual Studio 2012\Projects\Project4\Project4\Debug\link.8912-rc.write.1.tlog
C:\Users\brian\Documents\Visual Studio 2012\Projects\Project4\Project4\Debug\link.8912.read.1.tlog
C:\Users\brian\Documents\Visual Studio 2012\Projects\Project4\Project4\Debug\link.8912.write.1.tlog
C:\Users\brian\Documents\Visual Studio 2012\Projects\Project4\Project4\Debug\link.8936-cvtres.read.1.tlog
C:\Users\brian\Documents\Visual Studio 2012\Projects\Project4\Project4\Debug\link.8936-cvtres.write.1.tlog
C:\Users\brian\Documents\Visual Studio 2012\Projects\Project4\Project4\Debug\link.8936-rc.read.1.tlog
C:\Users\brian\Documents\Visual Studio 2012\Projects\Project4\Project4\Debug\link.8936-rc.write.1.tlog
C:\Users\brian\Documents\Visual Studio 2012\Projects\Project4\Project4\Debug\link.8936.read.1.tlog
C:\Users\brian\Documents\Visual Studio 2012\Projects\Project4\Project4\Debug\link.8936.write.1.tlog
C:\Users\brian\Documents\Visual Studio 2012\Projects\Project4\Project4\Debug\link.9100-cvtres.read.1.tlog
C:\Users\brian\Documents\Visual Studio 2012\Projects\Project4\Project4\Debug\link.9100-cvtres.write.1.tlog
C:\Users\brian\Documents\Visual Studio 2012\Projects\Project4\Project4\Debug\link.9100-rc.read.1.tlog
C:\Users\brian\Documents\Visual Studio 2012\Projects\Project4\Project4\Debug\link.9100-rc.write.1.tlog
C:\Users\brian\Documents\Visual Studio 2012\Projects\Project4\Project4\Debug\link.9100.read.1.tlog
C:\Users\brian\Documents\Visual Studio 2012\Projects\Project4\Project4\Debug\link.9100.write.1.tlog
C:\Users\brian\Documents\Visual Studio 2012\Projects\Project4\Project4\Debug\link.9164-cvtres.read.1.tlog
C:\Users\brian\Documents\Visual Studio 2012\Projects\Project4\Project4\Debug\link.9164-cvtres.write.1.tlog
C:\Users\brian\Documents\Visual Studio 2012\Projects\Project4\Project4\Debug\link.9164-rc.read.1.tlog
C:\Users\brian\Documents\Visual Studio 2012\Projects\Project4\Project4\Debug\link.9164-rc.write.1.tlog
C:\Users\brian\Documents\Visual Studio 2012\Projects\Project4\Project4\Debug\link.9164.read.1.tlog
C:\Users\brian\Documents\Visual Studio 2012\Projects\Project4\Project4\Debug\link.9164.write.1.tlog
C:\Users\brian\Documents\Visual Studio 2012\Projects\Project4\Project4\Debug\link.9300-cvtres.read.1.tlog
C:\Users\brian\Documents\Visual Studio 2012\Projects\Project4\Project4\Debug\link.9300-cvtres.write.1.tlog
C:\Users\brian\Documents\Visual Studio 2012\Projects\Project4\Project4\Debug\link.9300-rc.read.1.tlog
C:\Users\brian\Documents\Visual Studio 2012\Projects\Project4\Project4\Debug\link.9300-rc.write.1.tlog
C:\Users\brian\Documents\Visual Studio 2012\Projects\Project4\Project4\Debug\link.9300.read.1.tlog
C:\Users\brian\Documents\Visual Studio 2012\Projects\Project4\Project4\Debug\link.9300.write.1.tlog
C:\Users\brian\Documents\Visual Studio 2012\Projects\Project4\Project4\Debug\link.9308-cvtres.read.1.tlog
C:\Users\brian\Documents\Visual Studio 2012\Projects\Project4\Project4\Debug\link.9308-cvtres.write.1.tlog
C:\Users\brian\Documents\Visual Studio 2012\Projects\Project4\Project4\Debug\link.9308-rc.read.1.tlog
C:\Users\brian\Documents\Visual Studio 2012\Projects\Project4\Project4\Debug\link.9308-rc.write.1.tlog
C:\Users\brian\Documents\Visual Studio 2012\Projects\Project4\Project4\Debug\link.9308.read.1.tlog
C:\Users\brian\Documents\Visual Studio 2012\Projects\Project4\Project4\Debug\link.9308.write.1.tlog
C:\Users\brian\Documents\Visual Studio 2012\Projects\Project4\Project4\Debug\link.9320-cvtres.read.1.tlog
C:\Users\brian\Documents\Visual Studio 2012\Projects\Project4\Project4\Debug\link.9320-cvtres.write.1.tlog
C:\Users\brian\Documents\Visual Studio 2012\Projects\Project4\Project4\Debug\link.9320-rc.read.1.tlog
C:\Users\brian\Documents\Visual Studio 2012\Projects\Project4\Project4\Debug\link.9320-rc.write.1.tlog
C:\Users\brian\Documents\Visual Studio 2012\Projects\Project4\Project4\Debug\link.9320.read.1.tlog
C:\Users\brian\Documents\Visual Studio 2012\Projects\Project4\Project4\Debug\link.9320.write.1.tlog
C:\Users\brian\Documents\Visual Studio 2012\Projects\Project4\Project4\Debug\link.9536-cvtres.read.1.tlog
C:\Users\brian\Documents\Visual Studio 2012\Projects\Project4\Project4\Debug\link.9536-cvtres.write.1.tlog
C:\Users\brian\Documents\Visual Studio 2012\Projects\Project4\Project4\Debug\link.9536-rc.read.1.tlog
C:\Users\brian\Documents\Visual Studio 2012\Projects\Project4\Project4\Debug\link.9536-rc.write.1.tlog
C:\Users\brian\Documents\Visual Studio 2012\Projects\Project4\Project4\Debug\link.9536.read.1.tlog
C:\Users\brian\Documents\Visual Studio 2012\Projects\Project4\Project4\Debug\link.9536.write.1.tlog
C:\Users\brian\Documents\Visual Studio 2012\Projects\Project4\Project4\Debug\link.9548-cvtres.read.1.tlog
C:\Users\brian\Documents\Visual Studio 2012\Projects\Project4\Project4\Debug\link.9548-cvtres.write.1.tlog
C:\Users\brian\Documents\Visual Studio 2012\Projects\Project4\Project4\Debug\link.9548-rc.read.1.tlog
C:\Users\brian\Documents\Visual Studio 2012\Projects\Project4\Project4\Debug\link.9548-rc.write.1.tlog
C:\Users\brian\Documents\Visual Studio 2012\Projects\Project4\Project4\Debug\link.9548.read.1.tlog
C:\Users\brian\Documents\Visual Studio 2012\Projects\Project4\Project4\Debug\link.9548.write.1.tlog
C:\Users\brian\Documents\Visual Studio 2012\Projects\Project4\Project4\Debug\link.9624-cvtres.read.1.tlog
C:\Users\brian\Documents\Visual Studio 2012\Projects\Project4\Project4\Debug\link.9624-cvtres.write.1.tlog
C:\Users\brian\Documents\Visual Studio 2012\Projects\Project4\Project4\Debug\link.9624-rc.read.1.tlog
C:\Users\brian\Documents\Visual Studio 2012\Projects\Project4\Project4\Debug\link.9624-rc.write.1.tlog
C:\Users\brian\Documents\Visual Studio 2012\Projects\Project4\Project4\Debug\link.9624.read.1.tlog
C:\Users\brian\Documents\Visual Studio 2012\Projects\Project4\Project4\Debug\link.9624.write.1.tlog
C:\Users\brian\Documents\Visual Studio 2012\Projects\Project4\Project4\Debug\link.9708-cvtres.read.1.tlog
C:\Users\brian\Documents\Visual Studio 2012\Projects\Project4\Project4\Debug\link.9708-cvtres.write.1.tlog
C:\Users\brian\Documents\Visual Studio 2012\Projects\Project4\Project4\Debug\link.9708-rc.read.1.tlog
C:\Users\brian\Documents\Visual Studio 2012\Projects\Project4\Project4\Debug\link.9708-rc.write.1.tlog
C:\Users\brian\Documents\Visual Studio 2012\Projects\Project4\Project4\Debug\link.9708.read.1.tlog
C:\Users\brian\Documents\Visual Studio 2012\Projects\Project4\Project4\Debug\link.9708.write.1.tlog
C:\Users\brian\Documents\Visual Studio 2012\Projects\Project4\Project4\Debug\link.9724-cvtres.read.1.tlog
C:\Users\brian\Documents\Visual Studio 2012\Projects\Project4\Project4\Debug\link.9724-cvtres.write.1.tlog
C:\Users\brian\Documents\Visual Studio 2012\Projects\Project4\Project4\Debug\link.9724-rc.read.1.tlog
C:\Users\brian\Documents\Visual Studio 2012\Projects\Project4\Project4\Debug\link.9724-rc.write.1.tlog
C:\Users\brian\Documents\Visual Studio 2012\Projects\Project4\Project4\Debug\link.9724.read.1.tlog
C:\Users\brian\Documents\Visual Studio 2012\Projects\Project4\Project4\Debug\link.9724.write.1.tlog
C:\Users\brian\Documents\Visual Studio 2012\Projects\Project4\Project4\Debug\link.9840-cvtres.read.1.tlog
C:\Users\brian\Documents\Visual Studio 2012\Projects\Project4\Project4\Debug\link.9840-cvtres.write.1.tlog
C:\Users\brian\Documents\Visual Studio 2012\Projects\Project4\Project4\Debug\link.9840-rc.read.1.tlog
C:\Users\brian\Documents\Visual Studio 2012\Projects\Project4\Project4\Debug\link.9840-rc.write.1.tlog
C:\Users\brian\Documents\Visual Studio 2012\Projects\Project4\Project4\Debug\link.9840.read.1.tlog
C:\Users\brian\Documents\Visual Studio 2012\Projects\Project4\Project4\Debug\link.9840.write.1.tlog
C:\Users\brian\Documents\Visual Studio 2012\Projects\Project4\Project4\Debug\link.command.1.tlog
C:\Users\brian\Documents\Visual Studio 2012\Projects\Project4\Project4\Debug\link.read.1.tlog
C:\Users\brian\Documents\Visual Studio 2012\Projects\Project4\Project4\Debug\link.write.1.tlog
C:\Users\brian\Documents\Visual Studio 2012\Projects\Project4\Project4\Debug\metagen.read.1.tlog
C:\Users\brian\Documents\Visual Studio 2012\Projects\Project4\Project4\Debug\metagen.write.1.tlog
C:\Users\brian\Documents\Visual Studio 2012\Projects\Project4\Project4\Debug\Project4.write.1.tlog
C:\Users\brian\Documents\Visual Studio 2012\Projects\Project4\Project4\Debug\vc110.pdb
C:\Users\brian\Documents\Visual Studio 2012\Projects\Project4\Project4\Debug\ZEDGRAPH.DLL.metagen
C:\Users\brian\Documents\Visual Studio 2012\Projects\Project4\Project4\Debug\ZEDGRAPH.WEB.DLL.metagen
C:\Users\brian\Documents\Visual Studio 2012\Projects\Project4\Project4\Debug\RSAENH.DLL.bi
C:\Users\brian\Documents\Visual Studio 2012\Projects\Project4\Project4\Debug\TZRES.DLL.bi
C:\Users\brian\Documents\Visual Studio 2012\Projects\Project4\Debug\Project4.pdb
C:\Users\brian\Documents\Visual Studio 2012\Projects\Project4\Debug\Project4.ilk
